1713636900 01:15:00 PM Start_target=Original
1713636900 01:15:00 PM   |- start zNetgen
1713636911 01:15:11 PM     |=> zNetgen: 0 mins
1713636911 01:15:11 PM   |- end zNetgen
1713636915 01:15:15 PM   |- start XDC sorter
1713636921 01:15:21 PM Start Vivado
1713636971 01:16:11 PM     |- add_files/link_design: 1 mins
1713636971 01:16:11 PM     |=> initialisation_linked: 1 mins
1713636972 01:16:12 PM   |- start phase: netlist_analys_preproc
1713636973 01:16:13 PM     |=> netlist_analys_preproc: 1 mins
1713636974 01:16:14 PM   |- start phase: read_constraints
1713637001 01:16:41 PM     |=> read_constraints: 1 mins
1713637002 01:16:42 PM   |- start phase: opt_design
1713637002 01:16:42 PM       |=>  opt_design: 1 mins
1713637002 01:16:42 PM   << ERROR DETECTED IN OPT_DESIGN >> 
1713637008 01:16:48 PM        |- generate: timing and dcp_opt_design.dcp
1713637002 01:16:42 PM   << ERROR DETECTED IN opt_design DESIGN >> 
1713637011 01:16:51 PM     => vivado_ko: 1 mins
1713637011 01:16:51 PM vivado: 1 mins
1713637019 01:16:59 PM TRIGGER : GREP
1713637610 01:26:50 PM Start_target=L15
1713637610 01:26:50 PM   |- start zNetgen
1713637621 01:27:01 PM     |=> zNetgen: 0 mins
1713637621 01:27:01 PM   |- end zNetgen
1713637625 01:27:05 PM   |- start XDC sorter
1713637631 01:27:11 PM Start Vivado
1713637686 01:28:06 PM     |- add_files/link_design: 1 mins
1713637687 01:28:07 PM     |=> initialisation_linked: 1 mins
1713637687 01:28:07 PM   |- start phase: netlist_analys_preproc
1713637689 01:28:09 PM     |=> netlist_analys_preproc: 1 mins
1713637690 01:28:10 PM   |- start phase: read_constraints
1713637719 01:28:39 PM     |=> read_constraints: 1 mins
1713637719 01:28:39 PM   |- start phase: opt_design
1713637720 01:28:40 PM       |=>  opt_design: 1 mins
1713637720 01:28:40 PM   << ERROR DETECTED IN OPT_DESIGN >> 
1713637720 01:28:40 PM   << ERROR DETECTED IN opt_design DESIGN >> 
1713637722 01:28:42 PM     => vivado_ko: 1 mins
1713637723 01:28:43 PM vivado: 1 mins
