#   19/04/24  21:59:10 - No complexity available
#   19/04/24  21:59:14 - F08.Original added
#   19/04/24  21:59:14 - Process running PaR jobs
#   19/04/24  21:59:18 - F08.Original xstep message received: '1713581957 pid 8839'
#   19/04/24  22:01:21 - F08.Original xstep message received: '1713582081 relaunch param1'
#   19/04/24  22:01:21 - F08.L0 use regular Fpga class for relaunch
#   19/04/24  22:01:21 - F08.L0 added
#   19/04/24  22:01:21 - F08.L1 use regular Fpga class for relaunch
#   19/04/24  22:01:21 - F08.L1 added
#   19/04/24  22:01:21 - F08.L2 use regular Fpga class for relaunch
#   19/04/24  22:01:21 - F08.L2 added
#   19/04/24  22:01:21 - F08.L3 use regular Fpga class for relaunch
#   19/04/24  22:01:21 - F08.L3 added
#   19/04/24  22:01:21 - F08.L4 use regular Fpga class for relaunch
#   19/04/24  22:01:21 - F08.L4 added
#   19/04/24  22:01:21 - F08.L5 use regular Fpga class for relaunch
#   19/04/24  22:01:21 - F08.L5 added
#   19/04/24  22:01:21 - F08.L6 use regular Fpga class for relaunch
#   19/04/24  22:01:21 - F08.L6 added
#   19/04/24  22:01:21 - F08.L7 use regular Fpga class for relaunch
#   19/04/24  22:01:21 - F08.L7 added
#   19/04/24  22:01:21 - F08.L8 use regular Fpga class for relaunch
#   19/04/24  22:01:21 - F08.L8 added
#   19/04/24  22:01:21 - F08.L9 use regular Fpga class for relaunch
#   19/04/24  22:01:21 - F08.L9 added
#   19/04/24  22:01:21 - F08.L10 use regular Fpga class for relaunch
#   19/04/24  22:01:21 - F08.L10 added
#   19/04/24  22:01:21 - F08.L11 use regular Fpga class for relaunch
#   19/04/24  22:01:21 - F08.L11 added
#   19/04/24  22:01:21 - F08.L12 use regular Fpga class for relaunch
#   19/04/24  22:01:21 - F08.L12 added
#   19/04/24  22:01:21 - F08.L13 use regular Fpga class for relaunch
#   19/04/24  22:01:21 - F08.L13 added
#   19/04/24  22:01:21 - F08.L14 use regular Fpga class for relaunch
#   19/04/24  22:01:21 - F08.L14 added
#   19/04/24  22:01:21 - F08.L15 use regular Fpga class for relaunch
#   19/04/24  22:01:21 - F08.L15 added
#   19/04/24  22:01:21 - F08.L16 use regular Fpga class for relaunch
#   19/04/24  22:01:21 - F08.L16 added
#   19/04/24  22:01:26 - F08.L0 xstep message received: '1713582084 pid 16513'
#   19/04/24  22:01:26 - F08.L1 xstep message received: '1713582084 pid 16522'
#   19/04/24  22:01:26 - F08.L2 xstep message received: '1713582084 pid 16517'
#   19/04/24  22:01:26 - F08.L3 xstep message received: '1713582084 pid 16528'
#   19/04/24  22:01:26 - F08.L4 xstep message received: '1713582084 pid 16516'
#   19/04/24  22:01:26 - F08.L5 xstep message received: '1713582084 pid 16533'
#   19/04/24  22:01:26 - F08.L6 xstep message received: '1713582084 pid 16535'
#   19/04/24  22:01:26 - F08.L7 xstep message received: '1713582084 pid 16540'
#   19/04/24  22:01:26 - F08.L8 xstep message received: '1713582084 pid 16547'
#   19/04/24  22:01:26 - F08.L9 xstep message received: '1713582084 pid 16551'
#   19/04/24  22:01:26 - F08.L10 xstep message received: '1713582084 pid 16583'
#   19/04/24  22:01:26 - F08.L11 xstep message received: '1713582084 pid 16593'
#   19/04/24  22:01:26 - F08.L12 xstep message received: '1713582084 pid 16594'
#   19/04/24  22:01:26 - F08.L13 xstep message received: '1713582084 pid 16597'
#   19/04/24  22:01:26 - F08.L14 xstep message received: '1713582084 pid 16600'
#   19/04/24  22:01:26 - F08.L15 xstep message received: '1713582084 pid 16595'
#   19/04/24  22:01:26 - F08.L16 xstep message received: '1713582084 pid 16596'
#   19/04/24  22:03:04 - F08.Original xstep message received: '1713582183 relaunch param1'
#   19/04/24  22:03:04 - Relaunches are no more accepted for FPGA F08.Original
#   19/04/24  22:03:04 - F08.Original xstep message received: '1713582183 finished KO'
#   19/04/24  22:03:04 - F08.Original terminated: KO
#   19/04/24  22:03:33 - F08.L0 xstep message received: '1713582211 relaunch param1'
#   19/04/24  22:03:33 - Relaunches are no more accepted for FPGA F08.L0
#   19/04/24  22:03:33 - F08.L1 xstep message received: '1713582211 relaunch param1'
#   19/04/24  22:03:33 - Relaunches are no more accepted for FPGA F08.L1
#   19/04/24  22:03:33 - F08.L3 xstep message received: '1713582211 relaunch param1'
#   19/04/24  22:03:33 - Relaunches are no more accepted for FPGA F08.L3
#   19/04/24  22:03:33 - F08.L4 xstep message received: '1713582211 relaunch param1'
#   19/04/24  22:03:33 - Relaunches are no more accepted for FPGA F08.L4
#   19/04/24  22:03:33 - F08.L5 xstep message received: '1713582211 relaunch param1'
#   19/04/24  22:03:33 - Relaunches are no more accepted for FPGA F08.L5
#   19/04/24  22:03:33 - F08.L8 xstep message received: '1713582211 relaunch param1'
#   19/04/24  22:03:33 - Relaunches are no more accepted for FPGA F08.L8
#   19/04/24  22:03:33 - F08.L10 xstep message received: '1713582211 relaunch param1'
#   19/04/24  22:03:33 - Relaunches are no more accepted for FPGA F08.L10
#   19/04/24  22:03:33 - F08.L11 xstep message received: '1713582211 relaunch param1'
#   19/04/24  22:03:33 - Relaunches are no more accepted for FPGA F08.L11
#   19/04/24  22:03:33 - F08.L14 xstep message received: '1713582211 relaunch param1'
#   19/04/24  22:03:33 - Relaunches are no more accepted for FPGA F08.L14
#   19/04/24  22:04:33 - F08.L7 xstep message received: '1713582273 relaunch param1'
#   19/04/24  22:04:33 - Relaunches are no more accepted for FPGA F08.L7
#   19/04/24  22:04:33 - F08.L13 xstep message received: '1713582273 relaunch param1'
#   19/04/24  22:04:33 - Relaunches are no more accepted for FPGA F08.L13
#   19/04/24  22:04:35 - F08.L2 xstep message received: '1713582273 relaunch param1'
#   19/04/24  22:04:35 - Relaunches are no more accepted for FPGA F08.L2
#   19/04/24  22:04:35 - F08.L6 xstep message received: '1713582273 relaunch param1'
#   19/04/24  22:04:35 - Relaunches are no more accepted for FPGA F08.L6
#   19/04/24  22:04:35 - F08.L9 xstep message received: '1713582273 relaunch param1'
#   19/04/24  22:04:35 - Relaunches are no more accepted for FPGA F08.L9
#   19/04/24  22:04:35 - F08.L12 xstep message received: '1713582273 relaunch param1'
#   19/04/24  22:04:35 - Relaunches are no more accepted for FPGA F08.L12
#   19/04/24  22:04:35 - F08.L15 xstep message received: '1713582273 relaunch param1'
#   19/04/24  22:04:35 - Relaunches are no more accepted for FPGA F08.L15
#   19/04/24  22:04:35 - F08.L16 xstep message received: '1713582273 relaunch param1'
#   19/04/24  22:04:35 - Relaunches are no more accepted for FPGA F08.L16
#   19/04/24  22:05:26 - Timeout after task end without any 'finished' message for FPGA F08.Original
#   19/04/24  22:05:26 - F08.L0 xstep message received: '1713582324 relaunch param1'
#   19/04/24  22:05:26 - Relaunches are no more accepted for FPGA F08.L0
#   19/04/24  22:05:26 - F08.L0 xstep message received: '1713582324 finished KO'
#   19/04/24  22:05:26 - F08.L0 terminated: KO
#   19/04/24  22:05:26 - F08.L5 xstep message received: '1713582325 relaunch param1'
#   19/04/24  22:05:26 - Relaunches are no more accepted for FPGA F08.L5
#   19/04/24  22:05:26 - F08.L5 xstep message received: '1713582325 finished KO'
#   19/04/24  22:05:26 - F08.L5 terminated: KO
#   19/04/24  22:05:26 - F08.L14 xstep message received: '1713582326 relaunch param1'
#   19/04/24  22:05:26 - Relaunches are no more accepted for FPGA F08.L14
#   19/04/24  22:05:26 - F08.L14 xstep message received: '1713582326 finished KO'
#   19/04/24  22:05:26 - F08.L14 terminated: KO
#   19/04/24  22:05:28 - Timeout after task end without any 'finished' message for FPGA F08.Original
#   19/04/24  22:05:28 - F08.L3 xstep message received: '1713582327 relaunch param1'
#   19/04/24  22:05:28 - Relaunches are no more accepted for FPGA F08.L3
#   19/04/24  22:05:28 - F08.L3 xstep message received: '1713582327 finished KO'
#   19/04/24  22:05:28 - F08.L3 terminated: KO
#   19/04/24  22:05:28 - F08.L10 xstep message received: '1713582327 relaunch param1'
#   19/04/24  22:05:28 - Relaunches are no more accepted for FPGA F08.L10
#   19/04/24  22:05:28 - F08.L10 xstep message received: '1713582327 finished KO'
#   19/04/24  22:05:28 - F08.L10 terminated: KO
#   19/04/24  22:05:30 - Timeout after task end without any 'finished' message for FPGA F08.Original
#   19/04/24  22:05:30 - F08.L1 xstep message received: '1713582330 relaunch param1'
#   19/04/24  22:05:30 - Relaunches are no more accepted for FPGA F08.L1
#   19/04/24  22:05:30 - F08.L1 xstep message received: '1713582330 finished KO'
#   19/04/24  22:05:30 - F08.L1 terminated: KO
#   19/04/24  22:05:30 - F08.L11 xstep message received: '1713582328 relaunch param1'
#   19/04/24  22:05:30 - Relaunches are no more accepted for FPGA F08.L11
#   19/04/24  22:05:30 - F08.L11 xstep message received: '1713582328 finished KO'
#   19/04/24  22:05:30 - F08.L11 terminated: KO
#   19/04/24  22:05:32 - Timeout after task end without any 'finished' message for FPGA F08.Original
#   19/04/24  22:05:34 - Timeout after task end without any 'finished' message for FPGA F08.Original
#   19/04/24  22:05:34 - F08.L4 xstep message received: '1713582333 relaunch param1'
#   19/04/24  22:05:34 - Relaunches are no more accepted for FPGA F08.L4
#   19/04/24  22:05:34 - F08.L4 xstep message received: '1713582333 finished KO'
#   19/04/24  22:05:34 - F08.L4 terminated: KO
#   19/04/24  22:05:36 - Timeout after task end without any 'finished' message for FPGA F08.Original
#   19/04/24  22:05:36 - F08.L8 xstep message received: '1713582335 relaunch param1'
#   19/04/24  22:05:36 - Relaunches are no more accepted for FPGA F08.L8
#   19/04/24  22:05:36 - F08.L8 xstep message received: '1713582335 finished KO'
#   19/04/24  22:05:36 - F08.L8 terminated: KO
#   19/04/24  22:05:38 - Timeout after task end without any 'finished' message for FPGA F08.Original
#   19/04/24  22:05:38 - F08.L13 xstep message received: '1713582337 relaunch param1'
#   19/04/24  22:05:38 - Relaunches are no more accepted for FPGA F08.L13
#   19/04/24  22:05:38 - F08.L13 xstep message received: '1713582337 finished KO'
#   19/04/24  22:05:38 - F08.L13 terminated: KO
#   19/04/24  22:05:40 - Timeout after task end without any 'finished' message for FPGA F08.Original
#   19/04/24  22:05:41 - F08.L15 xstep message received: '1713582339 relaunch param1'
#   19/04/24  22:05:41 - Relaunches are no more accepted for FPGA F08.L15
#   19/04/24  22:05:41 - F08.L15 xstep message received: '1713582339 finished KO'
#   19/04/24  22:05:41 - F08.L15 terminated: KO
#   19/04/24  22:05:43 - Timeout after task end without any 'finished' message for FPGA F08.Original
#   19/04/24  22:05:43 - F08.L6 xstep message received: '1713582342 relaunch param1'
#   19/04/24  22:05:43 - Relaunches are no more accepted for FPGA F08.L6
#   19/04/24  22:05:43 - F08.L6 xstep message received: '1713582342 finished KO'
#   19/04/24  22:05:43 - F08.L6 terminated: KO
#   19/04/24  22:05:45 - Timeout after task end without any 'finished' message for FPGA F08.Original
#   19/04/24  22:05:45 - F08.L12 xstep message received: '1713582343 relaunch param1'
#   19/04/24  22:05:45 - Relaunches are no more accepted for FPGA F08.L12
#   19/04/24  22:05:45 - F08.L12 xstep message received: '1713582343 finished KO'
#   19/04/24  22:05:45 - F08.L12 terminated: KO
#   19/04/24  22:05:45 - F08.L16 xstep message received: '1713582343 relaunch param1'
#   19/04/24  22:05:45 - Relaunches are no more accepted for FPGA F08.L16
#   19/04/24  22:05:45 - F08.L16 xstep message received: '1713582343 finished KO'
#   19/04/24  22:05:45 - F08.L16 terminated: KO
#   19/04/24  22:05:47 - Timeout after task end without any 'finished' message for FPGA F08.Original
#   19/04/24  22:05:47 - F08.L2 xstep message received: '1713582345 relaunch param1'
#   19/04/24  22:05:47 - Relaunches are no more accepted for FPGA F08.L2
#   19/04/24  22:05:47 - F08.L2 xstep message received: '1713582345 finished KO'
#   19/04/24  22:05:47 - F08.L2 terminated: KO
#   19/04/24  22:05:47 - F08.L9 xstep message received: '1713582345 relaunch param1'
#   19/04/24  22:05:47 - Relaunches are no more accepted for FPGA F08.L9
#   19/04/24  22:05:47 - F08.L9 xstep message received: '1713582345 finished KO'
#   19/04/24  22:05:47 - F08.L9 terminated: KO
#   19/04/24  22:05:49 - Timeout after task end without any 'finished' message for FPGA F08.Original
#   19/04/24  22:05:49 - F08.L7 xstep message received: '1713582347 relaunch param1'
#   19/04/24  22:05:49 - Relaunches are no more accepted for FPGA F08.L7
#   19/04/24  22:05:49 - F08.L7 xstep message received: '1713582347 finished KO'
#   19/04/24  22:05:49 - F08.L7 terminated: KO
#   19/04/24  22:05:51 - Timeout after task end without any 'finished' message for FPGA F08.Original
#   19/04/24  22:05:53 - Timeout after task end without any 'finished' message for FPGA F08.Original
#   19/04/24  22:05:55 - Timeout after task end without any 'finished' message for FPGA F08.Original
#   19/04/24  22:05:57 - Timeout after task end without any 'finished' message for FPGA F08.Original
#   19/04/24  22:05:59 - Timeout after task end without any 'finished' message for FPGA F08.Original
#   19/04/24  22:06:01 - Timeout after task end without any 'finished' message for FPGA F08.Original
#   19/04/24  22:06:03 - Timeout after task end without any 'finished' message for FPGA F08.Original
#   19/04/24  22:06:06 - Timeout after task end without any 'finished' message for FPGA F08.Original
#   19/04/24  22:06:08 - Timeout after task end without any 'finished' message for FPGA F08.Original
#   19/04/24  22:06:08 - Finished
