
Processing stb
before buildCfgFromIStructural: 0u 0s 31e 601572kB
Before processing instances: 0u 0s 68e 601572kB
After processing instances: 0u 0s 89e 601572kB
before processing cont assigns: 0u 0s 89e 601572kB
after processing cont assigns: 0u 0s 98e 601572kB
before processing processes: 0u 0s 98e 601572kB
after processing processes: 0u 0s 486e 601572kB
after buildCfgFromIStructural: 0.01u 0s 510e 601572kB
before ns->mergeSimpleProcesses: 0.01u 0s 512e 602104kB
after ns->mergeSimpleProcesses: 0.01u 0s 512e 602104kB
before ns->splitPartialWrites: 0.01u 0s 512e 602104kB
after ns->splitPartialWrites: 0.01u 0s 512e 602104kB
before removeUnneededLatches: 0.01u 0s 512e 602104kB
after removeUnneededLatches: 0.01u 0s 512e 602104kB
before printMsgForBothBAandNBAAccrossProcess: 0.01u 0s 512e 602104kB
after printMsgForBothBAandNBAAccrossProcess: 0.01u 0s 512e 602104kB
after other NameScope processing: 0.01u 0s 517e 602104kB
before rebuildInstGraph: 0.01u 0s 518e 602236kB
  before addAllInScope: 0.01u 0s 518e 602236kB
  after addAllInScope: 0.01u 0s 518e 602236kB
after rebuildInstGraph: 0.01u 0s 518e 602236kB
before markTristateCones : 0.01u 0s 529e 602236kB
after markTristateCones : 0.01u 0s 529e 602236kB
after scheduling: 0.01u 0s 695e 602236kB
after model->finalize: 0.02u 0s 715e 602236kB
before attribute propagation: 0.02u 0s 744e 602236kB
after attribute propagation: 0.02u 0s 744e 602236kB
before constantPropagate: 0.02u 0s 744e 602236kB
after constantPropagate: 0.02u 0s 735e 602236kB
before removeUnusedSignals circuit: 0.02u 0s 735e 602236kB
after removeUnusedSignals circuit: 0.02u 0s 735e 602236kB
before optimize latch enable: 0.02u 0s 735e 602236kB
after optimize latch enable: 0.02u 0s 735e 602236kB
after circuit->load: 0.02u 0s 735e 602236kB
