1713636898 01:14:58 PM Start_target=Original
1713636898 01:14:58 PM   |- start zNetgen
1713636931 01:15:31 PM     |=> zNetgen: 0 mins
1713636931 01:15:31 PM   |- end zNetgen
1713636936 01:15:36 PM   |- start XDC sorter
1713636943 01:15:43 PM Start Vivado
1713637024 01:17:04 PM     |- add_files/link_design: 2 mins
1713637024 01:17:04 PM     |=> initialisation_linked: 2 mins
1713637025 01:17:05 PM   |- start phase: netlist_analys_preproc
1713637033 01:17:13 PM     |=> netlist_analys_preproc: 1 mins
1713637034 01:17:14 PM   |- start phase: read_constraints
1713637074 01:17:54 PM     |=> read_constraints: 1 mins
1713637075 01:17:55 PM   |- start phase: opt_design
1713637076 01:17:56 PM       |=>  opt_design: 1 mins
1713637076 01:17:56 PM   << ERROR DETECTED IN OPT_DESIGN >> 
1713637080 01:18:00 PM TRIGGER : GREP
1713637195 01:19:55 PM        |- generate: timing and dcp_opt_design.dcp
1713637076 01:17:56 PM   << ERROR DETECTED IN opt_design DESIGN >> 
1713637199 01:19:59 PM     => vivado_ko: 4 mins
1713637199 01:19:59 PM vivado: 4 mins
1713637573 01:26:13 PM Start_target=L14
1713637573 01:26:13 PM   |- start zNetgen
1713637609 01:26:49 PM     |=> zNetgen: 0 mins
1713637609 01:26:49 PM   |- end zNetgen
1713637613 01:26:53 PM   |- start XDC sorter
1713637621 01:27:01 PM Start Vivado
1713637711 01:28:31 PM     |- add_files/link_design: 2 mins
1713637711 01:28:31 PM     |=> initialisation_linked: 2 mins
1713637712 01:28:32 PM   |- start phase: netlist_analys_preproc
1713637722 01:28:42 PM     |=> netlist_analys_preproc: 1 mins
1713637722 01:28:42 PM   |- start phase: read_constraints
1713637760 01:29:20 PM     |=> read_constraints: 1 mins
1713637760 01:29:20 PM   |- start phase: opt_design
1713637761 01:29:21 PM       |=>  opt_design: 1 mins
1713637761 01:29:21 PM   << ERROR DETECTED IN OPT_DESIGN >> 
1713637761 01:29:21 PM   << ERROR DETECTED IN opt_design DESIGN >> 
1713637764 01:29:24 PM     => vivado_ko: 2 mins
1713637764 01:29:24 PM vivado: 2 mins
