#   19/04/24  21:34:42 - No complexity available
#   19/04/24  21:34:51 - F08.Original added
#   19/04/24  21:34:51 - Process running PaR jobs
#   19/04/24  21:34:55 - F08.Original xstep message received: '1713580494 pid 25124'
#   19/04/24  21:36:58 - F08.Original xstep message received: '1713580618 relaunch param1'
#   19/04/24  21:36:58 - F08.L0 use regular Fpga class for relaunch
#   19/04/24  21:36:58 - F08.L0 added
#   19/04/24  21:36:58 - F08.L1 use regular Fpga class for relaunch
#   19/04/24  21:36:58 - F08.L1 added
#   19/04/24  21:36:58 - F08.L2 use regular Fpga class for relaunch
#   19/04/24  21:36:58 - F08.L2 added
#   19/04/24  21:36:58 - F08.L3 use regular Fpga class for relaunch
#   19/04/24  21:36:58 - F08.L3 added
#   19/04/24  21:36:58 - F08.L4 use regular Fpga class for relaunch
#   19/04/24  21:36:58 - F08.L4 added
#   19/04/24  21:36:58 - F08.L5 use regular Fpga class for relaunch
#   19/04/24  21:36:58 - F08.L5 added
#   19/04/24  21:36:58 - F08.L6 use regular Fpga class for relaunch
#   19/04/24  21:36:58 - F08.L6 added
#   19/04/24  21:36:58 - F08.L7 use regular Fpga class for relaunch
#   19/04/24  21:36:58 - F08.L7 added
#   19/04/24  21:36:58 - F08.L8 use regular Fpga class for relaunch
#   19/04/24  21:36:58 - F08.L8 added
#   19/04/24  21:36:58 - F08.L9 use regular Fpga class for relaunch
#   19/04/24  21:36:58 - F08.L9 added
#   19/04/24  21:36:58 - F08.L10 use regular Fpga class for relaunch
#   19/04/24  21:36:58 - F08.L10 added
#   19/04/24  21:36:58 - F08.L11 use regular Fpga class for relaunch
#   19/04/24  21:36:58 - F08.L11 added
#   19/04/24  21:36:58 - F08.L12 use regular Fpga class for relaunch
#   19/04/24  21:36:58 - F08.L12 added
#   19/04/24  21:36:58 - F08.L13 use regular Fpga class for relaunch
#   19/04/24  21:36:58 - F08.L13 added
#   19/04/24  21:36:58 - F08.L14 use regular Fpga class for relaunch
#   19/04/24  21:36:58 - F08.L14 added
#   19/04/24  21:36:58 - F08.L15 use regular Fpga class for relaunch
#   19/04/24  21:36:58 - F08.L15 added
#   19/04/24  21:36:58 - F08.L16 use regular Fpga class for relaunch
#   19/04/24  21:36:58 - F08.L16 added
#   19/04/24  21:37:03 - F08.L0 xstep message received: '1713580621 pid 32764'
#   19/04/24  21:37:03 - F08.L1 xstep message received: '1713580621 pid 32763'
#   19/04/24  21:37:03 - F08.L2 xstep message received: '1713580621 pid 32766'
#   19/04/24  21:37:03 - F08.L3 xstep message received: '1713580621 pid 32780'
#   19/04/24  21:37:03 - F08.L4 xstep message received: '1713580621 pid 32771'
#   19/04/24  21:37:03 - F08.L5 xstep message received: '1713580621 pid 32770'
#   19/04/24  21:37:03 - F08.L6 xstep message received: '1713580621 pid 32788'
#   19/04/24  21:37:03 - F08.L7 xstep message received: '1713580622 pid 32830'
#   19/04/24  21:37:03 - F08.L8 xstep message received: '1713580622 pid 32842'
#   19/04/24  21:37:03 - F08.L9 xstep message received: '1713580622 pid 32829'
#   19/04/24  21:37:03 - F08.L10 xstep message received: '1713580622 pid 32831'
#   19/04/24  21:37:03 - F08.L11 xstep message received: '1713580622 pid 32847'
#   19/04/24  21:37:03 - F08.L12 xstep message received: '1713580622 pid 32843'
#   19/04/24  21:37:03 - F08.L13 xstep message received: '1713580622 pid 32846'
#   19/04/24  21:37:03 - F08.L14 xstep message received: '1713580622 pid 32833'
#   19/04/24  21:37:03 - F08.L15 xstep message received: '1713580622 pid 32844'
#   19/04/24  21:37:03 - F08.L16 xstep message received: '1713580622 pid 32845'
#   19/04/24  21:38:46 - F08.Original xstep message received: '1713580725 relaunch param1'
#   19/04/24  21:38:46 - Relaunches are no more accepted for FPGA F08.Original
#   19/04/24  21:38:46 - F08.Original xstep message received: '1713580725 finished KO'
#   19/04/24  21:38:46 - F08.Original terminated: KO
#   19/04/24  21:39:09 - F08.L1 xstep message received: '1713580748 relaunch param1'
#   19/04/24  21:39:09 - Relaunches are no more accepted for FPGA F08.L1
#   19/04/24  21:39:09 - F08.L3 xstep message received: '1713580748 relaunch param1'
#   19/04/24  21:39:09 - Relaunches are no more accepted for FPGA F08.L3
#   19/04/24  21:39:09 - F08.L5 xstep message received: '1713580748 relaunch param1'
#   19/04/24  21:39:09 - Relaunches are no more accepted for FPGA F08.L5
#   19/04/24  21:39:09 - F08.L6 xstep message received: '1713580748 relaunch param1'
#   19/04/24  21:39:09 - Relaunches are no more accepted for FPGA F08.L6
#   19/04/24  21:39:09 - F08.L7 xstep message received: '1713580748 relaunch param1'
#   19/04/24  21:39:09 - Relaunches are no more accepted for FPGA F08.L7
#   19/04/24  21:39:09 - F08.L9 xstep message received: '1713580748 relaunch param1'
#   19/04/24  21:39:09 - Relaunches are no more accepted for FPGA F08.L9
#   19/04/24  21:39:09 - F08.L10 xstep message received: '1713580748 relaunch param1'
#   19/04/24  21:39:09 - Relaunches are no more accepted for FPGA F08.L10
#   19/04/24  21:39:09 - F08.L13 xstep message received: '1713580748 relaunch param1'
#   19/04/24  21:39:09 - Relaunches are no more accepted for FPGA F08.L13
#   19/04/24  21:39:09 - F08.L14 xstep message received: '1713580748 relaunch param1'
#   19/04/24  21:39:09 - Relaunches are no more accepted for FPGA F08.L14
#   19/04/24  21:39:09 - F08.L15 xstep message received: '1713580748 relaunch param1'
#   19/04/24  21:39:09 - Relaunches are no more accepted for FPGA F08.L15
#   19/04/24  21:40:10 - F08.L0 xstep message received: '1713580809 relaunch param1'
#   19/04/24  21:40:10 - Relaunches are no more accepted for FPGA F08.L0
#   19/04/24  21:40:10 - F08.L2 xstep message received: '1713580810 relaunch param1'
#   19/04/24  21:40:10 - Relaunches are no more accepted for FPGA F08.L2
#   19/04/24  21:40:10 - F08.L4 xstep message received: '1713580810 relaunch param1'
#   19/04/24  21:40:10 - Relaunches are no more accepted for FPGA F08.L4
#   19/04/24  21:40:10 - F08.L8 xstep message received: '1713580810 relaunch param1'
#   19/04/24  21:40:10 - Relaunches are no more accepted for FPGA F08.L8
#   19/04/24  21:40:10 - F08.L11 xstep message received: '1713580810 relaunch param1'
#   19/04/24  21:40:10 - Relaunches are no more accepted for FPGA F08.L11
#   19/04/24  21:40:10 - F08.L12 xstep message received: '1713580810 relaunch param1'
#   19/04/24  21:40:10 - Relaunches are no more accepted for FPGA F08.L12
#   19/04/24  21:40:10 - F08.L16 xstep message received: '1713580810 relaunch param1'
#   19/04/24  21:40:10 - Relaunches are no more accepted for FPGA F08.L16
#   19/04/24  21:41:01 - F08.L3 xstep message received: '1713580860 relaunch param1'
#   19/04/24  21:41:01 - Relaunches are no more accepted for FPGA F08.L3
#   19/04/24  21:41:01 - F08.L3 xstep message received: '1713580860 finished KO'
#   19/04/24  21:41:01 - F08.L3 terminated: KO
#   19/04/24  21:41:03 - F08.L1 xstep message received: '1713580863 relaunch param1'
#   19/04/24  21:41:03 - Relaunches are no more accepted for FPGA F08.L1
#   19/04/24  21:41:03 - F08.L1 xstep message received: '1713580863 finished KO'
#   19/04/24  21:41:03 - F08.L1 terminated: KO
#   19/04/24  21:41:03 - F08.L5 xstep message received: '1713580863 relaunch param1'
#   19/04/24  21:41:03 - Relaunches are no more accepted for FPGA F08.L5
#   19/04/24  21:41:03 - F08.L5 xstep message received: '1713580863 finished KO'
#   19/04/24  21:41:03 - F08.L5 terminated: KO
#   19/04/24  21:41:03 - F08.L14 xstep message received: '1713580863 relaunch param1'
#   19/04/24  21:41:03 - Relaunches are no more accepted for FPGA F08.L14
#   19/04/24  21:41:03 - F08.L14 xstep message received: '1713580863 finished KO'
#   19/04/24  21:41:03 - F08.L14 terminated: KO
#   19/04/24  21:41:06 - F08.L6 xstep message received: '1713580865 relaunch param1'
#   19/04/24  21:41:06 - Relaunches are no more accepted for FPGA F08.L6
#   19/04/24  21:41:06 - F08.L6 xstep message received: '1713580865 finished KO'
#   19/04/24  21:41:06 - F08.L6 terminated: KO
#   19/04/24  21:41:06 - F08.L7 xstep message received: '1713580865 relaunch param1'
#   19/04/24  21:41:06 - Relaunches are no more accepted for FPGA F08.L7
#   19/04/24  21:41:06 - F08.L7 xstep message received: '1713580865 finished KO'
#   19/04/24  21:41:06 - F08.L7 terminated: KO
#   19/04/24  21:41:08 - Timeout after task end without any 'finished' message for FPGA F08.Original
#   19/04/24  21:41:08 - F08.L9 xstep message received: '1713580867 relaunch param1'
#   19/04/24  21:41:08 - Relaunches are no more accepted for FPGA F08.L9
#   19/04/24  21:41:08 - F08.L9 xstep message received: '1713580867 finished KO'
#   19/04/24  21:41:08 - F08.L9 terminated: KO
#   19/04/24  21:41:08 - F08.L15 xstep message received: '1713580867 relaunch param1'
#   19/04/24  21:41:08 - Relaunches are no more accepted for FPGA F08.L15
#   19/04/24  21:41:08 - F08.L15 xstep message received: '1713580867 finished KO'
#   19/04/24  21:41:08 - F08.L15 terminated: KO
#   19/04/24  21:41:10 - Timeout after task end without any 'finished' message for FPGA F08.Original
#   19/04/24  21:41:10 - F08.L13 xstep message received: '1713580868 relaunch param1'
#   19/04/24  21:41:10 - Relaunches are no more accepted for FPGA F08.L13
#   19/04/24  21:41:10 - F08.L13 xstep message received: '1713580868 finished KO'
#   19/04/24  21:41:10 - F08.L13 terminated: KO
#   19/04/24  21:41:12 - Timeout after task end without any 'finished' message for FPGA F08.Original
#   19/04/24  21:41:12 - F08.L4 xstep message received: '1713580872 relaunch param1'
#   19/04/24  21:41:12 - Relaunches are no more accepted for FPGA F08.L4
#   19/04/24  21:41:12 - F08.L4 xstep message received: '1713580872 finished KO'
#   19/04/24  21:41:12 - F08.L4 terminated: KO
#   19/04/24  21:41:12 - F08.L10 xstep message received: '1713580871 relaunch param1'
#   19/04/24  21:41:12 - Relaunches are no more accepted for FPGA F08.L10
#   19/04/24  21:41:12 - F08.L10 xstep message received: '1713580871 finished KO'
#   19/04/24  21:41:12 - F08.L10 terminated: KO
#   19/04/24  21:41:14 - Timeout after task end without any 'finished' message for FPGA F08.Original
#   19/04/24  21:41:14 - F08.L2 xstep message received: '1713580874 relaunch param1'
#   19/04/24  21:41:14 - Relaunches are no more accepted for FPGA F08.L2
#   19/04/24  21:41:14 - F08.L2 xstep message received: '1713580874 finished KO'
#   19/04/24  21:41:14 - F08.L2 terminated: KO
#   19/04/24  21:41:16 - Timeout after task end without any 'finished' message for FPGA F08.Original
#   19/04/24  21:41:16 - F08.L11 xstep message received: '1713580874 relaunch param1'
#   19/04/24  21:41:16 - Relaunches are no more accepted for FPGA F08.L11
#   19/04/24  21:41:16 - F08.L11 xstep message received: '1713580874 finished KO'
#   19/04/24  21:41:16 - F08.L11 terminated: KO
#   19/04/24  21:41:18 - Timeout after task end without any 'finished' message for FPGA F08.Original
#   19/04/24  21:41:18 - F08.L8 xstep message received: '1713580877 relaunch param1'
#   19/04/24  21:41:18 - Relaunches are no more accepted for FPGA F08.L8
#   19/04/24  21:41:18 - F08.L8 xstep message received: '1713580877 finished KO'
#   19/04/24  21:41:18 - F08.L8 terminated: KO
#   19/04/24  21:41:20 - Timeout after task end without any 'finished' message for FPGA F08.Original
#   19/04/24  21:41:20 - F08.L0 xstep message received: '1713580879 relaunch param1'
#   19/04/24  21:41:20 - Relaunches are no more accepted for FPGA F08.L0
#   19/04/24  21:41:20 - F08.L0 xstep message received: '1713580879 finished KO'
#   19/04/24  21:41:20 - F08.L0 terminated: KO
#   19/04/24  21:41:20 - F08.L12 xstep message received: '1713580880 relaunch param1'
#   19/04/24  21:41:20 - Relaunches are no more accepted for FPGA F08.L12
#   19/04/24  21:41:20 - F08.L12 xstep message received: '1713580880 finished KO'
#   19/04/24  21:41:20 - F08.L12 terminated: KO
#   19/04/24  21:41:20 - F08.L16 xstep message received: '1713580879 relaunch param1'
#   19/04/24  21:41:20 - Relaunches are no more accepted for FPGA F08.L16
#   19/04/24  21:41:20 - F08.L16 xstep message received: '1713580879 finished KO'
#   19/04/24  21:41:20 - F08.L16 terminated: KO
#   19/04/24  21:41:22 - Timeout after task end without any 'finished' message for FPGA F08.Original
#   19/04/24  21:41:24 - Timeout after task end without any 'finished' message for FPGA F08.Original
#   19/04/24  21:41:26 - Timeout after task end without any 'finished' message for FPGA F08.Original
#   19/04/24  21:41:28 - Timeout after task end without any 'finished' message for FPGA F08.Original
#   19/04/24  21:41:30 - Timeout after task end without any 'finished' message for FPGA F08.Original
#   19/04/24  21:41:32 - Timeout after task end without any 'finished' message for FPGA F08.Original
#   19/04/24  21:41:34 - Timeout after task end without any 'finished' message for FPGA F08.Original
#   19/04/24  21:41:37 - Timeout after task end without any 'finished' message for FPGA F08.Original
#   19/04/24  21:41:39 - Timeout after task end without any 'finished' message for FPGA F08.Original
#   19/04/24  21:41:41 - Timeout after task end without any 'finished' message for FPGA F08.Original
#   19/04/24  21:41:41 - Finished
