#   step REPORT : Synthesizing module : dut
#   step REPORT : [39.349] Optimizing module : dut
### warning in ZFAST : A clocked always block is modelling latched logic for signal z_sva_cond_6_unnamed$$_0
#   step REPORT : Got SVA task gate ZSVA_IMM_TASK0: ZSVA_MOD_PLI_7
### warning in ZFAST [6.1832] : PO net zsva_clock undriven
#   step REPORT : [6.1690] There are 3 levels of combinational cells
#   step REPORT : [6.1689] There are 1 distinct nets driving control pins
#   step REPORT : [6.1695] 4-input LUTs: 1
#   step REPORT : [6.1696] Total LUT area: 1
#   step REPORT : [6.1697] State    : 1
#   step REPORT : [6.1697]   (FF)   : 1
#   step REPORT : [6.1884] Renaming SVA module instances in the netlist
#   step REPORT : [6.1882] Renaming special verilog names in the netlist
#   step REPORT : [6.1882] Special names renaming stats:
#   step REPORT : [6.1882] Total time                 : 0.000 seconds
#   step REPORT : [6.1882] Total wires renamed        : 0
#   step REPORT : [6.1882] Total instances renamed    : 0
#   step REPORT : [6.1883] Renaming wires like ports
#   step REPORT : [6.1883] Renamed wires like ports (0 ports)
#   step REPORT : [6.1885] Emitting RTLDB information for the netlist
#   step REPORT : Converting netlist 'dut' to znl format
#   step STATS :  ----------------------------------------------------------------------------------------------------------------------------------------------------------------------------------------------------------------------------------------------------------------------------------------------
#   step STATS :  |                 reg |                 lut |                bram |                uram |             memsize |              m18x18 |                bufg |                buft |               nbI/O |                nbBB |                nbZV |                nbME |               dsp48 || name
#   step STATS :  ----------------------------------------------------------------------------------------------------------------------------------------------------------------------------------------------------------------------------------------------------------------------------------------------
#   step STATS :  |                   1 |                   1 |                   0 |                   0 |                   0 |                   0 |                   0 |                   0 |                  27 |                   5 |                   0 |                   0 |                   0 || dut
#   step STATS :  ----------------------------------------------------------------------------------------------------------------------------------------------------------------------------------------------------------------------------------------------------------------------------------------------
#   step REPORT : Writing netlist 'dut' to 'edif/dut/dut.edf.gz'
#   step SERIALIZE : writing netlist 'zmerge' into znl file 'edif/dut/dut.edf.gz'
#   step SERIALIZE : #bytes in: 2260, #bytes out: 1195, compression ratio: 1.891213
#   step REPORT : [87.28] Resource usage for dut: 0.034s 0.0M
