if [ -f "./job.IF.qdel.done" -o -f "./job.IF.bkill.done"  ]; then \
  echo "" ;\
  echo "fpga FX=IF has already a winner ... This job will not start" ;\
  echo "" ;\
else \
    if [[ "L8" == "Original" ]]; then if [ -e  IF.src/zebu_common_env.mk ]; then rm -rf IF.src/zebu_common_env.mk; fi ; if [ -e  IF.src/zebu_lic_error ]; then rm -rf IF.src/zebu_lic_error; fi; echo "export ZEBU_FPGA_SRC_DIR=/home/grads/h/hbritton/csce689LabsBritton/lab-4-habrit/zebu/zcui.work/backend_default/U0/M0/IF.src"            > IF.src/zebu_common_env.mk ; echo "export ZEBU_FPGA_ORIGINAL_DIR=/home/grads/h/hbritton/csce689LabsBritton/lab-4-habrit/zebu/zcui.work/backend_default/U0/M0/IF.L8" >> IF.src/zebu_common_env.mk ; echo "export ZEBU_FPGA_MODULE_DIR=/home/grads/h/hbritton/csce689LabsBritton/lab-4-habrit/zebu/zcui.work/backend_default/U0/M0"                  >> IF.src/zebu_common_env.mk ; fi ;\
	LABEL=L8 FX=IF zIseManager IF L8 YES /home/grads/h/hbritton/csce689LabsBritton/lab-4-habrit/zebu/zcui.work/backend_default /opt/coe/synopsys/zebu/Q-2020.03-SP1-4/etc/vivado_v7/fpgaparameterset_v7.xcui NO  ;\
fi
# FX=IF LABEL=L8 :  
# FX=IF LABEL=L8 :                                      ZeBu (R)
# FX=IF LABEL=L8 :                                    zIseManager
# FX=IF LABEL=L8 :  
# FX=IF LABEL=L8 :                Version Q-2020.03-SP1-4 for linux64 - Oct 18, 2022 
# FX=IF LABEL=L8 :  
# FX=IF LABEL=L8 :                      Copyright (c) 2002 - 2022 Synopsys, Inc.
# FX=IF LABEL=L8 :     This software and the associated documentation are proprietary to Synopsys,
# FX=IF LABEL=L8 :   Inc. This software may only be used in accordance with the terms and conditions
# FX=IF LABEL=L8 :   of a written license agreement with Synopsys, Inc. All other use, reproduction,
# FX=IF LABEL=L8 :     or distribution of this software is strictly prohibited.  Licensed Products
# FX=IF LABEL=L8 :       communicate with Synopsys servers for the purpose of providing software
# FX=IF LABEL=L8 :      updates, detecting software piracy and verifying that customers are using
# FX=IF LABEL=L8 :      Licensed Products in conformity with the applicable License Key for such
# FX=IF LABEL=L8 :    Licensed Products. Synopsys will use information gathered in connection with
# FX=IF LABEL=L8 :      this process to deliver software updates and pursue software pirates and
# FX=IF LABEL=L8 :                                     infringers.
# FX=IF LABEL=L8 :  
# FX=IF LABEL=L8 :   Inclusivity & Diversity - Visit SolvNetPlus to read the "Synopsys Statement on
# FX=IF LABEL=L8 :              Inclusivity and Diversity" (Refer to article 000036315 at
# FX=IF LABEL=L8 :                          https://solvnetplus.synopsys.com)
# FX=IF LABEL=L8 :  
# FX=IF LABEL=L8 :  
# FX=IF LABEL=L8 : Parsing parameter file /opt/coe/synopsys/zebu/Q-2020.03-SP1-4/etc/vivado_v7/fpgaparameterset_v7.xcui
# FX=IF LABEL=L8 : Synchronization policy: 2
# FX=IF LABEL=L8 : Lock file name: /tmp/zim.lock_Kce7WJJ5Vb
# FX=IF LABEL=L8 : pid 7129
# FX=IF LABEL=L8 : Monitor father = 7129
# FX=IF LABEL=L8 : Monitoring compilation IF.L8
# FX=IF LABEL=L8 : 1713579246 : FPGA compilation finished with status 2
# FX=IF LABEL=L8 : relaunch param1
# FX=IF LABEL=L8 : relaunch param1
# FX=IF LABEL=L8 : finished KO

Compilation Log Path : /home/grads/h/hbritton/csce689LabsBritton/lab-4-habrit/zebu/zcui.work/backend_default/U0/M0/IF.L8/compilation.log

# FX=IF LABEL=L8 : receive TERM for 7129
# FX=IF LABEL=L8 : killing Monitor process: 7372
make: [run] Error 2 (ignored)

# FX=IF LABEL=L8 : Makefile - End of zIseManager
# FX=IF LABEL=L8 : Makefile - Checking Final status from xstep.cui file
# FX=IF LABEL=L8 : Makefile - Finished detected
# FX=IF LABEL=L8 : Makefile - Finished K0 detected
make: *** [run] Error 255
command exit code is '2'
