#   19/04/24  21:05:04 - No complexity available
#   19/04/24  21:05:06 - F08.Original added
#   19/04/24  21:05:06 - Process running PaR jobs
#   19/04/24  21:05:10 - F08.Original xstep message received: '1713578708 pid 37425'
#   19/04/24  21:07:13 - F08.Original xstep message received: '1713578833 relaunch param1'
#   19/04/24  21:07:13 - F08.L0 use regular Fpga class for relaunch
#   19/04/24  21:07:13 - F08.L0 added
#   19/04/24  21:07:13 - F08.L1 use regular Fpga class for relaunch
#   19/04/24  21:07:13 - F08.L1 added
#   19/04/24  21:07:13 - F08.L2 use regular Fpga class for relaunch
#   19/04/24  21:07:13 - F08.L2 added
#   19/04/24  21:07:13 - F08.L3 use regular Fpga class for relaunch
#   19/04/24  21:07:13 - F08.L3 added
#   19/04/24  21:07:13 - F08.L4 use regular Fpga class for relaunch
#   19/04/24  21:07:13 - F08.L4 added
#   19/04/24  21:07:13 - F08.L5 use regular Fpga class for relaunch
#   19/04/24  21:07:13 - F08.L5 added
#   19/04/24  21:07:13 - F08.L6 use regular Fpga class for relaunch
#   19/04/24  21:07:13 - F08.L6 added
#   19/04/24  21:07:13 - F08.L7 use regular Fpga class for relaunch
#   19/04/24  21:07:13 - F08.L7 added
#   19/04/24  21:07:13 - F08.L8 use regular Fpga class for relaunch
#   19/04/24  21:07:13 - F08.L8 added
#   19/04/24  21:07:13 - F08.L9 use regular Fpga class for relaunch
#   19/04/24  21:07:13 - F08.L9 added
#   19/04/24  21:07:13 - F08.L10 use regular Fpga class for relaunch
#   19/04/24  21:07:13 - F08.L10 added
#   19/04/24  21:07:13 - F08.L11 use regular Fpga class for relaunch
#   19/04/24  21:07:13 - F08.L11 added
#   19/04/24  21:07:13 - F08.L12 use regular Fpga class for relaunch
#   19/04/24  21:07:13 - F08.L12 added
#   19/04/24  21:07:13 - F08.L13 use regular Fpga class for relaunch
#   19/04/24  21:07:13 - F08.L13 added
#   19/04/24  21:07:13 - F08.L14 use regular Fpga class for relaunch
#   19/04/24  21:07:13 - F08.L14 added
#   19/04/24  21:07:13 - F08.L15 use regular Fpga class for relaunch
#   19/04/24  21:07:13 - F08.L15 added
#   19/04/24  21:07:13 - F08.L16 use regular Fpga class for relaunch
#   19/04/24  21:07:13 - F08.L16 added
#   19/04/24  21:07:17 - F08.L0 xstep message received: '1713578836 pid 4553'
#   19/04/24  21:07:17 - F08.L1 xstep message received: '1713578836 pid 4550'
#   19/04/24  21:07:17 - F08.L2 xstep message received: '1713578836 pid 4552'
#   19/04/24  21:07:17 - F08.L3 xstep message received: '1713578836 pid 4594'
#   19/04/24  21:07:17 - F08.L4 xstep message received: '1713578836 pid 4585'
#   19/04/24  21:07:17 - F08.L5 xstep message received: '1713578836 pid 4582'
#   19/04/24  21:07:17 - F08.L6 xstep message received: '1713578836 pid 4583'
#   19/04/24  21:07:17 - F08.L7 xstep message received: '1713578836 pid 4607'
#   19/04/24  21:07:17 - F08.L8 xstep message received: '1713578836 pid 4584'
#   19/04/24  21:07:17 - F08.L9 xstep message received: '1713578836 pid 4606'
#   19/04/24  21:07:17 - F08.L10 xstep message received: '1713578836 pid 4605'
#   19/04/24  21:07:17 - F08.L11 xstep message received: '1713578836 pid 4615'
#   19/04/24  21:07:17 - F08.L12 xstep message received: '1713578836 pid 4608'
#   19/04/24  21:07:17 - F08.L13 xstep message received: '1713578837 pid 4658'
#   19/04/24  21:07:17 - F08.L14 xstep message received: '1713578837 pid 4657'
#   19/04/24  21:07:17 - F08.L15 xstep message received: '1713578836 pid 4616'
#   19/04/24  21:07:17 - F08.L16 xstep message received: '1713578836 pid 4656'
#   19/04/24  21:08:58 - F08.Original xstep message received: '1713578938 relaunch param1'
#   19/04/24  21:08:58 - Relaunches are no more accepted for FPGA F08.Original
#   19/04/24  21:08:58 - F08.Original xstep message received: '1713578938 finished KO'
#   19/04/24  21:08:58 - F08.Original terminated: KO
#   19/04/24  21:09:23 - F08.L1 xstep message received: '1713578962 relaunch param1'
#   19/04/24  21:09:23 - Relaunches are no more accepted for FPGA F08.L1
#   19/04/24  21:09:23 - F08.L15 xstep message received: '1713578963 relaunch param1'
#   19/04/24  21:09:23 - Relaunches are no more accepted for FPGA F08.L15
#   19/04/24  21:09:23 - F08.L16 xstep message received: '1713578963 relaunch param1'
#   19/04/24  21:09:23 - Relaunches are no more accepted for FPGA F08.L16
#   19/04/24  21:09:25 - F08.L5 xstep message received: '1713578963 relaunch param1'
#   19/04/24  21:09:25 - Relaunches are no more accepted for FPGA F08.L5
#   19/04/24  21:09:25 - F08.L6 xstep message received: '1713578963 relaunch param1'
#   19/04/24  21:09:25 - Relaunches are no more accepted for FPGA F08.L6
#   19/04/24  21:09:25 - F08.L10 xstep message received: '1713578963 relaunch param1'
#   19/04/24  21:09:25 - Relaunches are no more accepted for FPGA F08.L10
#   19/04/24  21:09:25 - F08.L13 xstep message received: '1713578963 relaunch param1'
#   19/04/24  21:09:25 - Relaunches are no more accepted for FPGA F08.L13
#   19/04/24  21:09:25 - F08.L14 xstep message received: '1713578963 relaunch param1'
#   19/04/24  21:09:25 - Relaunches are no more accepted for FPGA F08.L14
#   19/04/24  21:10:26 - F08.L0 xstep message received: '1713579025 relaunch param1'
#   19/04/24  21:10:26 - Relaunches are no more accepted for FPGA F08.L0
#   19/04/24  21:10:26 - F08.L2 xstep message received: '1713579025 relaunch param1'
#   19/04/24  21:10:26 - Relaunches are no more accepted for FPGA F08.L2
#   19/04/24  21:10:26 - F08.L3 xstep message received: '1713579025 relaunch param1'
#   19/04/24  21:10:26 - Relaunches are no more accepted for FPGA F08.L3
#   19/04/24  21:10:26 - F08.L4 xstep message received: '1713579025 relaunch param1'
#   19/04/24  21:10:26 - Relaunches are no more accepted for FPGA F08.L4
#   19/04/24  21:10:26 - F08.L7 xstep message received: '1713579025 relaunch param1'
#   19/04/24  21:10:26 - Relaunches are no more accepted for FPGA F08.L7
#   19/04/24  21:10:26 - F08.L8 xstep message received: '1713579026 relaunch param1'
#   19/04/24  21:10:26 - Relaunches are no more accepted for FPGA F08.L8
#   19/04/24  21:10:26 - F08.L9 xstep message received: '1713579026 relaunch param1'
#   19/04/24  21:10:26 - Relaunches are no more accepted for FPGA F08.L9
#   19/04/24  21:10:26 - F08.L11 xstep message received: '1713579025 relaunch param1'
#   19/04/24  21:10:26 - Relaunches are no more accepted for FPGA F08.L11
#   19/04/24  21:10:26 - F08.L12 xstep message received: '1713579025 relaunch param1'
#   19/04/24  21:10:26 - Relaunches are no more accepted for FPGA F08.L12
#   19/04/24  21:11:14 - F08.L15 xstep message received: '1713579072 relaunch param1'
#   19/04/24  21:11:14 - Relaunches are no more accepted for FPGA F08.L15
#   19/04/24  21:11:14 - F08.L15 xstep message received: '1713579072 finished KO'
#   19/04/24  21:11:14 - F08.L15 terminated: KO
#   19/04/24  21:11:18 - F08.L13 xstep message received: '1713579077 relaunch param1'
#   19/04/24  21:11:18 - Relaunches are no more accepted for FPGA F08.L13
#   19/04/24  21:11:18 - F08.L13 xstep message received: '1713579077 finished KO'
#   19/04/24  21:11:18 - F08.L13 terminated: KO
#   19/04/24  21:11:20 - Timeout after task end without any 'finished' message for FPGA F08.Original
#   19/04/24  21:11:20 - F08.L1 xstep message received: '1713579078 relaunch param1'
#   19/04/24  21:11:20 - Relaunches are no more accepted for FPGA F08.L1
#   19/04/24  21:11:20 - F08.L1 xstep message received: '1713579078 finished KO'
#   19/04/24  21:11:20 - F08.L1 terminated: KO
#   19/04/24  21:11:20 - F08.L6 xstep message received: '1713579079 relaunch param1'
#   19/04/24  21:11:20 - Relaunches are no more accepted for FPGA F08.L6
#   19/04/24  21:11:20 - F08.L6 xstep message received: '1713579079 finished KO'
#   19/04/24  21:11:20 - F08.L6 terminated: KO
#   19/04/24  21:11:20 - F08.L16 xstep message received: '1713579078 relaunch param1'
#   19/04/24  21:11:20 - Relaunches are no more accepted for FPGA F08.L16
#   19/04/24  21:11:20 - F08.L16 xstep message received: '1713579078 finished KO'
#   19/04/24  21:11:20 - F08.L16 terminated: KO
#   19/04/24  21:11:22 - Timeout after task end without any 'finished' message for FPGA F08.Original
#   19/04/24  21:11:22 - F08.L5 xstep message received: '1713579081 relaunch param1'
#   19/04/24  21:11:22 - Relaunches are no more accepted for FPGA F08.L5
#   19/04/24  21:11:22 - F08.L5 xstep message received: '1713579081 finished KO'
#   19/04/24  21:11:22 - F08.L5 terminated: KO
#   19/04/24  21:11:24 - Timeout after task end without any 'finished' message for FPGA F08.Original
#   19/04/24  21:11:26 - Timeout after task end without any 'finished' message for FPGA F08.Original
#   19/04/24  21:11:26 - F08.L14 xstep message received: '1713579084 relaunch param1'
#   19/04/24  21:11:26 - Relaunches are no more accepted for FPGA F08.L14
#   19/04/24  21:11:26 - F08.L14 xstep message received: '1713579084 finished KO'
#   19/04/24  21:11:26 - F08.L14 terminated: KO
#   19/04/24  21:11:28 - Timeout after task end without any 'finished' message for FPGA F08.Original
#   19/04/24  21:11:28 - F08.L8 xstep message received: '1713579087 relaunch param1'
#   19/04/24  21:11:28 - Relaunches are no more accepted for FPGA F08.L8
#   19/04/24  21:11:28 - F08.L8 xstep message received: '1713579087 finished KO'
#   19/04/24  21:11:28 - F08.L8 terminated: KO
#   19/04/24  21:11:28 - F08.L10 xstep message received: '1713579086 relaunch param1'
#   19/04/24  21:11:28 - Relaunches are no more accepted for FPGA F08.L10
#   19/04/24  21:11:28 - F08.L10 xstep message received: '1713579086 finished KO'
#   19/04/24  21:11:28 - F08.L10 terminated: KO
#   19/04/24  21:11:30 - Timeout after task end without any 'finished' message for FPGA F08.Original
#   19/04/24  21:11:30 - F08.L3 xstep message received: '1713579090 relaunch param1'
#   19/04/24  21:11:30 - Relaunches are no more accepted for FPGA F08.L3
#   19/04/24  21:11:30 - F08.L3 xstep message received: '1713579090 finished KO'
#   19/04/24  21:11:30 - F08.L3 terminated: KO
#   19/04/24  21:11:32 - Timeout after task end without any 'finished' message for FPGA F08.Original
#   19/04/24  21:11:33 - F08.L11 xstep message received: '1713579091 relaunch param1'
#   19/04/24  21:11:33 - Relaunches are no more accepted for FPGA F08.L11
#   19/04/24  21:11:33 - F08.L11 xstep message received: '1713579091 finished KO'
#   19/04/24  21:11:33 - F08.L11 terminated: KO
#   19/04/24  21:11:35 - Timeout after task end without any 'finished' message for FPGA F08.Original
#   19/04/24  21:11:37 - Timeout after task end without any 'finished' message for FPGA F08.Original
#   19/04/24  21:11:37 - F08.L4 xstep message received: '1713579095 relaunch param1'
#   19/04/24  21:11:37 - Relaunches are no more accepted for FPGA F08.L4
#   19/04/24  21:11:37 - F08.L4 xstep message received: '1713579095 finished KO'
#   19/04/24  21:11:37 - F08.L4 terminated: KO
#   19/04/24  21:11:37 - F08.L9 xstep message received: '1713579096 relaunch param1'
#   19/04/24  21:11:37 - Relaunches are no more accepted for FPGA F08.L9
#   19/04/24  21:11:37 - F08.L9 xstep message received: '1713579096 finished KO'
#   19/04/24  21:11:37 - F08.L9 terminated: KO
#   19/04/24  21:11:37 - F08.L12 xstep message received: '1713579096 relaunch param1'
#   19/04/24  21:11:37 - Relaunches are no more accepted for FPGA F08.L12
#   19/04/24  21:11:37 - F08.L12 xstep message received: '1713579096 finished KO'
#   19/04/24  21:11:37 - F08.L12 terminated: KO
#   19/04/24  21:11:39 - Timeout after task end without any 'finished' message for FPGA F08.Original
#   19/04/24  21:11:39 - F08.L7 xstep message received: '1713579098 relaunch param1'
#   19/04/24  21:11:39 - Relaunches are no more accepted for FPGA F08.L7
#   19/04/24  21:11:39 - F08.L7 xstep message received: '1713579098 finished KO'
#   19/04/24  21:11:39 - F08.L7 terminated: KO
#   19/04/24  21:11:41 - Timeout after task end without any 'finished' message for FPGA F08.Original
#   19/04/24  21:11:41 - F08.L0 xstep message received: '1713579100 relaunch param1'
#   19/04/24  21:11:41 - Relaunches are no more accepted for FPGA F08.L0
#   19/04/24  21:11:41 - F08.L0 xstep message received: '1713579100 finished KO'
#   19/04/24  21:11:41 - F08.L0 terminated: KO
#   19/04/24  21:11:41 - F08.L2 xstep message received: '1713579100 relaunch param1'
#   19/04/24  21:11:41 - Relaunches are no more accepted for FPGA F08.L2
#   19/04/24  21:11:41 - F08.L2 xstep message received: '1713579100 finished KO'
#   19/04/24  21:11:41 - F08.L2 terminated: KO
#   19/04/24  21:11:43 - Timeout after task end without any 'finished' message for FPGA F08.Original
#   19/04/24  21:11:46 - Timeout after task end without any 'finished' message for FPGA F08.Original
#   19/04/24  21:11:48 - Timeout after task end without any 'finished' message for FPGA F08.Original
#   19/04/24  21:11:50 - Timeout after task end without any 'finished' message for FPGA F08.Original
#   19/04/24  21:11:52 - Timeout after task end without any 'finished' message for FPGA F08.Original
#   19/04/24  21:11:54 - Timeout after task end without any 'finished' message for FPGA F08.Original
#   19/04/24  21:11:56 - Timeout after task end without any 'finished' message for FPGA F08.Original
#   19/04/24  21:11:59 - Timeout after task end without any 'finished' message for FPGA F08.Original
#   19/04/24  21:12:01 - Timeout after task end without any 'finished' message for FPGA F08.Original
#   19/04/24  21:12:03 - Timeout after task end without any 'finished' message for FPGA F08.Original
#   19/04/24  21:12:03 - Finished
