#   20/04/24  13:14:42 - No complexity available
#   20/04/24  13:14:51 - F08.Original added
#   20/04/24  13:14:51 - Process running PaR jobs
#   20/04/24  13:14:55 - F08.Original xstep message received: '1713636893 pid 18587'
#   20/04/24  13:16:58 - F08.Original xstep message received: '1713637018 relaunch param1'
#   20/04/24  13:16:58 - F08.L0 use regular Fpga class for relaunch
#   20/04/24  13:16:58 - F08.L0 added
#   20/04/24  13:16:58 - F08.L1 use regular Fpga class for relaunch
#   20/04/24  13:16:58 - F08.L1 added
#   20/04/24  13:16:58 - F08.L2 use regular Fpga class for relaunch
#   20/04/24  13:16:58 - F08.L2 added
#   20/04/24  13:16:58 - F08.L3 use regular Fpga class for relaunch
#   20/04/24  13:16:58 - F08.L3 added
#   20/04/24  13:16:58 - F08.L4 use regular Fpga class for relaunch
#   20/04/24  13:16:58 - F08.L4 added
#   20/04/24  13:16:58 - F08.L5 use regular Fpga class for relaunch
#   20/04/24  13:16:58 - F08.L5 added
#   20/04/24  13:16:58 - F08.L6 use regular Fpga class for relaunch
#   20/04/24  13:16:58 - F08.L6 added
#   20/04/24  13:16:58 - F08.L7 use regular Fpga class for relaunch
#   20/04/24  13:16:58 - F08.L7 added
#   20/04/24  13:16:58 - F08.L8 use regular Fpga class for relaunch
#   20/04/24  13:16:58 - F08.L8 added
#   20/04/24  13:16:58 - F08.L9 use regular Fpga class for relaunch
#   20/04/24  13:16:58 - F08.L9 added
#   20/04/24  13:16:58 - F08.L10 use regular Fpga class for relaunch
#   20/04/24  13:16:58 - F08.L10 added
#   20/04/24  13:16:58 - F08.L11 use regular Fpga class for relaunch
#   20/04/24  13:16:58 - F08.L11 added
#   20/04/24  13:16:58 - F08.L12 use regular Fpga class for relaunch
#   20/04/24  13:16:58 - F08.L12 added
#   20/04/24  13:16:58 - F08.L13 use regular Fpga class for relaunch
#   20/04/24  13:16:58 - F08.L13 added
#   20/04/24  13:16:58 - F08.L14 use regular Fpga class for relaunch
#   20/04/24  13:16:58 - F08.L14 added
#   20/04/24  13:16:58 - F08.L15 use regular Fpga class for relaunch
#   20/04/24  13:16:58 - F08.L15 added
#   20/04/24  13:16:58 - F08.L16 use regular Fpga class for relaunch
#   20/04/24  13:16:58 - F08.L16 added
#   20/04/24  13:17:02 - F08.L0 xstep message received: '1713637021 pid 26244'
#   20/04/24  13:17:02 - F08.L1 xstep message received: '1713637021 pid 26262'
#   20/04/24  13:17:02 - F08.L2 xstep message received: '1713637021 pid 26265'
#   20/04/24  13:17:02 - F08.L3 xstep message received: '1713637021 pid 26272'
#   20/04/24  13:17:02 - F08.L4 xstep message received: '1713637021 pid 26271'
#   20/04/24  13:17:02 - F08.L5 xstep message received: '1713637021 pid 26282'
#   20/04/24  13:17:02 - F08.L6 xstep message received: '1713637021 pid 26284'
#   20/04/24  13:17:02 - F08.L7 xstep message received: '1713637021 pid 26283'
#   20/04/24  13:17:02 - F08.L8 xstep message received: '1713637021 pid 26292'
#   20/04/24  13:17:02 - F08.L9 xstep message received: '1713637021 pid 26297'
#   20/04/24  13:17:02 - F08.L10 xstep message received: '1713637021 pid 26339'
#   20/04/24  13:17:02 - F08.L11 xstep message received: '1713637021 pid 26313'
#   20/04/24  13:17:02 - F08.L12 xstep message received: '1713637021 pid 26341'
#   20/04/24  13:17:02 - F08.L13 xstep message received: '1713637021 pid 26343'
#   20/04/24  13:17:02 - F08.L14 xstep message received: '1713637021 pid 26340'
#   20/04/24  13:17:02 - F08.L15 xstep message received: '1713637021 pid 26342'
#   20/04/24  13:17:02 - F08.L16 xstep message received: '1713637021 pid 26344'
#   20/04/24  13:18:43 - F08.Original xstep message received: '1713637123 relaunch param1'
#   20/04/24  13:18:43 - Relaunches are no more accepted for FPGA F08.Original
#   20/04/24  13:18:43 - F08.Original xstep message received: '1713637123 finished KO'
#   20/04/24  13:18:43 - F08.Original terminated: KO
#   20/04/24  13:19:08 - F08.L3 xstep message received: '1713637147 relaunch param1'
#   20/04/24  13:19:08 - Relaunches are no more accepted for FPGA F08.L3
#   20/04/24  13:19:08 - F08.L5 xstep message received: '1713637147 relaunch param1'
#   20/04/24  13:19:08 - Relaunches are no more accepted for FPGA F08.L5
#   20/04/24  13:19:08 - F08.L6 xstep message received: '1713637148 relaunch param1'
#   20/04/24  13:19:08 - Relaunches are no more accepted for FPGA F08.L6
#   20/04/24  13:19:08 - F08.L13 xstep message received: '1713637148 relaunch param1'
#   20/04/24  13:19:08 - Relaunches are no more accepted for FPGA F08.L13
#   20/04/24  13:19:08 - F08.L14 xstep message received: '1713637147 relaunch param1'
#   20/04/24  13:19:08 - Relaunches are no more accepted for FPGA F08.L14
#   20/04/24  13:19:10 - F08.L0 xstep message received: '1713637148 relaunch param1'
#   20/04/24  13:19:10 - Relaunches are no more accepted for FPGA F08.L0
#   20/04/24  13:19:10 - F08.L4 xstep message received: '1713637148 relaunch param1'
#   20/04/24  13:19:10 - Relaunches are no more accepted for FPGA F08.L4
#   20/04/24  13:19:10 - F08.L11 xstep message received: '1713637148 relaunch param1'
#   20/04/24  13:19:10 - Relaunches are no more accepted for FPGA F08.L11
#   20/04/24  13:19:10 - F08.L15 xstep message received: '1713637148 relaunch param1'
#   20/04/24  13:19:10 - Relaunches are no more accepted for FPGA F08.L15
#   20/04/24  13:19:10 - F08.L16 xstep message received: '1713637148 relaunch param1'
#   20/04/24  13:19:10 - Relaunches are no more accepted for FPGA F08.L16
#   20/04/24  13:20:09 - F08.L1 xstep message received: '1713637209 relaunch param1'
#   20/04/24  13:20:09 - Relaunches are no more accepted for FPGA F08.L1
#   20/04/24  13:20:09 - F08.L2 xstep message received: '1713637209 relaunch param1'
#   20/04/24  13:20:09 - Relaunches are no more accepted for FPGA F08.L2
#   20/04/24  13:20:09 - F08.L8 xstep message received: '1713637209 relaunch param1'
#   20/04/24  13:20:09 - Relaunches are no more accepted for FPGA F08.L8
#   20/04/24  13:20:11 - F08.L7 xstep message received: '1713637210 relaunch param1'
#   20/04/24  13:20:11 - Relaunches are no more accepted for FPGA F08.L7
#   20/04/24  13:20:11 - F08.L9 xstep message received: '1713637210 relaunch param1'
#   20/04/24  13:20:11 - Relaunches are no more accepted for FPGA F08.L9
#   20/04/24  13:20:11 - F08.L10 xstep message received: '1713637210 relaunch param1'
#   20/04/24  13:20:11 - Relaunches are no more accepted for FPGA F08.L10
#   20/04/24  13:20:11 - F08.L12 xstep message received: '1713637210 relaunch param1'
#   20/04/24  13:20:11 - Relaunches are no more accepted for FPGA F08.L12
#   20/04/24  13:21:01 - F08.L6 xstep message received: '1713637260 relaunch param1'
#   20/04/24  13:21:01 - Relaunches are no more accepted for FPGA F08.L6
#   20/04/24  13:21:01 - F08.L6 xstep message received: '1713637260 finished KO'
#   20/04/24  13:21:01 - F08.L6 terminated: KO
#   20/04/24  13:21:01 - F08.L14 xstep message received: '1713637261 relaunch param1'
#   20/04/24  13:21:01 - Relaunches are no more accepted for FPGA F08.L14
#   20/04/24  13:21:01 - F08.L14 xstep message received: '1713637261 finished KO'
#   20/04/24  13:21:01 - F08.L14 terminated: KO
#   20/04/24  13:21:03 - F08.L15 xstep message received: '1713637262 relaunch param1'
#   20/04/24  13:21:03 - Relaunches are no more accepted for FPGA F08.L15
#   20/04/24  13:21:03 - F08.L15 xstep message received: '1713637262 finished KO'
#   20/04/24  13:21:03 - F08.L15 terminated: KO
#   20/04/24  13:21:05 - F08.L4 xstep message received: '1713637263 relaunch param1'
#   20/04/24  13:21:05 - Relaunches are no more accepted for FPGA F08.L4
#   20/04/24  13:21:05 - F08.L4 xstep message received: '1713637263 finished KO'
#   20/04/24  13:21:05 - F08.L4 terminated: KO
#   20/04/24  13:21:05 - F08.L11 xstep message received: '1713637263 relaunch param1'
#   20/04/24  13:21:05 - Relaunches are no more accepted for FPGA F08.L11
#   20/04/24  13:21:05 - F08.L11 xstep message received: '1713637263 finished KO'
#   20/04/24  13:21:05 - F08.L11 terminated: KO
#   20/04/24  13:21:05 - F08.L16 xstep message received: '1713637263 relaunch param1'
#   20/04/24  13:21:05 - Relaunches are no more accepted for FPGA F08.L16
#   20/04/24  13:21:05 - F08.L16 xstep message received: '1713637263 finished KO'
#   20/04/24  13:21:05 - F08.L16 terminated: KO
#   20/04/24  13:21:07 - Timeout after task end without any 'finished' message for FPGA F08.Original
#   20/04/24  13:21:09 - Timeout after task end without any 'finished' message for FPGA F08.Original
#   20/04/24  13:21:09 - F08.L0 xstep message received: '1713637267 relaunch param1'
#   20/04/24  13:21:09 - Relaunches are no more accepted for FPGA F08.L0
#   20/04/24  13:21:09 - F08.L0 xstep message received: '1713637267 finished KO'
#   20/04/24  13:21:09 - F08.L0 terminated: KO
#   20/04/24  13:21:11 - Timeout after task end without any 'finished' message for FPGA F08.Original
#   20/04/24  13:21:11 - F08.L3 xstep message received: '1713637270 relaunch param1'
#   20/04/24  13:21:11 - Relaunches are no more accepted for FPGA F08.L3
#   20/04/24  13:21:11 - F08.L3 xstep message received: '1713637270 finished KO'
#   20/04/24  13:21:11 - F08.L3 terminated: KO
#   20/04/24  13:21:11 - F08.L5 xstep message received: '1713637270 relaunch param1'
#   20/04/24  13:21:11 - Relaunches are no more accepted for FPGA F08.L5
#   20/04/24  13:21:11 - F08.L5 xstep message received: '1713637270 finished KO'
#   20/04/24  13:21:11 - F08.L5 terminated: KO
#   20/04/24  13:21:11 - F08.L13 xstep message received: '1713637271 relaunch param1'
#   20/04/24  13:21:11 - Relaunches are no more accepted for FPGA F08.L13
#   20/04/24  13:21:11 - F08.L13 xstep message received: '1713637271 finished KO'
#   20/04/24  13:21:11 - F08.L13 terminated: KO
#   20/04/24  13:21:13 - Timeout after task end without any 'finished' message for FPGA F08.Original
#   20/04/24  13:21:15 - Timeout after task end without any 'finished' message for FPGA F08.Original
#   20/04/24  13:21:15 - F08.L2 xstep message received: '1713637274 relaunch param1'
#   20/04/24  13:21:15 - Relaunches are no more accepted for FPGA F08.L2
#   20/04/24  13:21:15 - F08.L2 xstep message received: '1713637274 finished KO'
#   20/04/24  13:21:15 - F08.L2 terminated: KO
#   20/04/24  13:21:17 - Timeout after task end without any 'finished' message for FPGA F08.Original
#   20/04/24  13:21:17 - F08.L1 xstep message received: '1713637276 relaunch param1'
#   20/04/24  13:21:17 - Relaunches are no more accepted for FPGA F08.L1
#   20/04/24  13:21:17 - F08.L1 xstep message received: '1713637276 finished KO'
#   20/04/24  13:21:17 - F08.L1 terminated: KO
#   20/04/24  13:21:17 - F08.L9 xstep message received: '1713637276 relaunch param1'
#   20/04/24  13:21:17 - Relaunches are no more accepted for FPGA F08.L9
#   20/04/24  13:21:17 - F08.L9 xstep message received: '1713637276 finished KO'
#   20/04/24  13:21:17 - F08.L9 terminated: KO
#   20/04/24  13:21:17 - F08.L10 xstep message received: '1713637277 relaunch param1'
#   20/04/24  13:21:17 - Relaunches are no more accepted for FPGA F08.L10
#   20/04/24  13:21:17 - F08.L10 xstep message received: '1713637277 finished KO'
#   20/04/24  13:21:17 - F08.L10 terminated: KO
#   20/04/24  13:21:19 - Timeout after task end without any 'finished' message for FPGA F08.Original
#   20/04/24  13:21:21 - Timeout after task end without any 'finished' message for FPGA F08.Original
#   20/04/24  13:21:21 - F08.L7 xstep message received: '1713637280 relaunch param1'
#   20/04/24  13:21:21 - Relaunches are no more accepted for FPGA F08.L7
#   20/04/24  13:21:21 - F08.L7 xstep message received: '1713637280 finished KO'
#   20/04/24  13:21:21 - F08.L7 terminated: KO
#   20/04/24  13:21:21 - F08.L8 xstep message received: '1713637281 relaunch param1'
#   20/04/24  13:21:21 - Relaunches are no more accepted for FPGA F08.L8
#   20/04/24  13:21:21 - F08.L8 xstep message received: '1713637281 finished KO'
#   20/04/24  13:21:21 - F08.L8 terminated: KO
#   20/04/24  13:21:21 - F08.L12 xstep message received: '1713637280 relaunch param1'
#   20/04/24  13:21:21 - Relaunches are no more accepted for FPGA F08.L12
#   20/04/24  13:21:21 - F08.L12 xstep message received: '1713637280 finished KO'
#   20/04/24  13:21:21 - F08.L12 terminated: KO
#   20/04/24  13:21:23 - Timeout after task end without any 'finished' message for FPGA F08.Original
#   20/04/24  13:21:25 - Timeout after task end without any 'finished' message for FPGA F08.Original
#   20/04/24  13:21:27 - Timeout after task end without any 'finished' message for FPGA F08.Original
#   20/04/24  13:21:30 - Timeout after task end without any 'finished' message for FPGA F08.Original
#   20/04/24  13:21:32 - Timeout after task end without any 'finished' message for FPGA F08.Original
#   20/04/24  13:21:34 - Timeout after task end without any 'finished' message for FPGA F08.Original
#   20/04/24  13:21:36 - Timeout after task end without any 'finished' message for FPGA F08.Original
#   20/04/24  13:21:38 - Timeout after task end without any 'finished' message for FPGA F08.Original
#   20/04/24  13:21:40 - Timeout after task end without any 'finished' message for FPGA F08.Original
#   20/04/24  13:21:42 - Timeout after task end without any 'finished' message for FPGA F08.Original
#   20/04/24  13:21:42 - Finished
