1713636898 01:14:58 PM Start_target=Original
1713636898 01:14:58 PM   |- start zNetgen
1713636931 01:15:31 PM     |=> zNetgen: 0 mins
1713636931 01:15:31 PM   |- end zNetgen
1713636936 01:15:36 PM   |- start XDC sorter
1713636943 01:15:43 PM Start Vivado
1713637024 01:17:04 PM     |- add_files/link_design: 2 mins
1713637024 01:17:04 PM     |=> initialisation_linked: 2 mins
1713637025 01:17:05 PM   |- start phase: netlist_analys_preproc
1713637033 01:17:13 PM     |=> netlist_analys_preproc: 1 mins
1713637034 01:17:14 PM   |- start phase: read_constraints
1713637074 01:17:54 PM     |=> read_constraints: 1 mins
1713637075 01:17:55 PM   |- start phase: opt_design
1713637076 01:17:56 PM       |=>  opt_design: 1 mins
1713637076 01:17:56 PM   << ERROR DETECTED IN OPT_DESIGN >> 
1713637080 01:18:00 PM TRIGGER : GREP
1713637195 01:19:55 PM        |- generate: timing and dcp_opt_design.dcp
1713637076 01:17:56 PM   << ERROR DETECTED IN opt_design DESIGN >> 
1713637199 01:19:59 PM     => vivado_ko: 4 mins
1713637199 01:19:59 PM vivado: 4 mins
1713637289 01:21:29 PM Start_target=L2
1713637289 01:21:29 PM   |- start zNetgen
1713637329 01:22:09 PM     |=> zNetgen: 0 mins
1713637329 01:22:09 PM   |- end zNetgen
1713637333 01:22:13 PM   |- start XDC sorter
1713637341 01:22:21 PM Start Vivado
1713637434 01:23:54 PM     |- add_files/link_design: 2 mins
1713637434 01:23:54 PM     |=> initialisation_linked: 2 mins
1713637435 01:23:55 PM   |- start phase: netlist_analys_preproc
1713637444 01:24:04 PM     |=> netlist_analys_preproc: 1 mins
1713637445 01:24:05 PM   |- start phase: read_constraints
1713637483 01:24:43 PM     |=> read_constraints: 1 mins
1713637484 01:24:44 PM   |- start phase: opt_design
1713637484 01:24:44 PM       |=>  opt_design: 1 mins
1713637484 01:24:44 PM   << ERROR DETECTED IN OPT_DESIGN >> 
1713637484 01:24:44 PM   << ERROR DETECTED IN opt_design DESIGN >> 
1713637488 01:24:48 PM     => vivado_ko: 2 mins
1713637488 01:24:48 PM vivado: 2 mins
