1713636898 01:14:58 PM Start_target=Original
1713636898 01:14:58 PM   |- start zNetgen
1713636931 01:15:31 PM     |=> zNetgen: 0 mins
1713636931 01:15:31 PM   |- end zNetgen
1713636936 01:15:36 PM   |- start XDC sorter
1713636943 01:15:43 PM Start Vivado
1713637024 01:17:04 PM     |- add_files/link_design: 2 mins
1713637024 01:17:04 PM     |=> initialisation_linked: 2 mins
1713637025 01:17:05 PM   |- start phase: netlist_analys_preproc
1713637033 01:17:13 PM     |=> netlist_analys_preproc: 1 mins
1713637034 01:17:14 PM   |- start phase: read_constraints
1713637074 01:17:54 PM     |=> read_constraints: 1 mins
1713637075 01:17:55 PM   |- start phase: opt_design
1713637076 01:17:56 PM       |=>  opt_design: 1 mins
1713637076 01:17:56 PM   << ERROR DETECTED IN OPT_DESIGN >> 
1713637080 01:18:00 PM TRIGGER : GREP
1713637160 01:19:20 PM Start_target=L0
1713637160 01:19:20 PM   |- start zNetgen
1713637193 01:19:53 PM     |=> zNetgen: 0 mins
1713637193 01:19:53 PM   |- end zNetgen
1713637197 01:19:57 PM   |- start XDC sorter
1713637205 01:20:05 PM Start Vivado
1713637285 01:21:25 PM     |- add_files/link_design: 2 mins
1713637286 01:21:26 PM     |=> initialisation_linked: 2 mins
1713637286 01:21:26 PM   |- start phase: netlist_analys_preproc
1713637296 01:21:36 PM     |=> netlist_analys_preproc: 1 mins
1713637297 01:21:37 PM   |- start phase: read_constraints
1713637337 01:22:17 PM     |=> read_constraints: 1 mins
1713637338 01:22:18 PM   |- start phase: opt_design
1713637338 01:22:18 PM       |=>  opt_design: 1 mins
1713637338 01:22:18 PM   << ERROR DETECTED IN OPT_DESIGN >> 
1713637338 01:22:18 PM   << ERROR DETECTED IN opt_design DESIGN >> 
1713637342 01:22:22 PM     => vivado_ko: 2 mins
1713637342 01:22:22 PM vivado: 2 mins
