#     Sat Apr 20 13:14:00 2024 : zCreateNameDB Started
#      : Reading the Serializing VCS Version
[2024-04-20 13:14:00.459554] [0x00007fd69b758780] [info]    #      : Reading the Serializing VCS Version

#      : Deserializing names dictionary
[2024-04-20 13:14:00.461058] [0x00007fd69b758780] [info]    #      : Deserializing names dictionary

#      : Deserializing libraries
[2024-04-20 13:14:00.461902] [0x00007fd69b758780] [info]    #      : Deserializing libraries

#      : Deserializing RTL
[2024-04-20 13:14:00.462813] [0x00007fd69b758780] [info]    #      : Deserializing RTL

#      : Deserializing Gate
[2024-04-20 13:14:00.463684] [0x00007fd69b758780] [info]    #      : Deserializing Gate

#      : Deserializing design object
[2024-04-20 13:14:00.464559] [0x00007fd69b758780] [info]    #      : Deserializing design object

#      : Populating Dfs Table
[2024-04-20 13:14:00.468221] [0x00007fd69b758780] [info]    #      : Populating Dfs Table

#      : ReEnumerating design
#      : Populating dfs mappings
#      : Building light dfs table
#      : Building dfs to light dfs table
#      : Collecting shared modules ids
#      : Collecting flops weights
#      : Collecting module licenses
#      : Collecting indexes
#      : Serializing RTL
#      : RTL type container ready
#      : RTL Light containers ready for module top
#      : RTL Light containers ready for module parity_check
#      : RTL Light containers ready for module clkg
#      : RTL Light containers ready for module dut
#      : RTL Light containers ready for module parity
#      : RTL Light containers ready for module ram
#      : RTL Light containers ready for module rom
#      : RTL Light containers ready for module stb
#      : RTL Light containers ready for module proba
#      : RTL Light containers ready for module fifo_usage_spy
#      : RTL Light containers ready for module zceiClockPort
#      : RTL Light containers ready for module fifo_0000
#      : RTL Light containers ready for module proba_0000
#      : Serializing design object
#      : Serializing names dictionary
#      : Serializing light dfs tables
zCreateNameDB finished without errors or warnings.
#     Sat Apr 20 13:14:00 2024 : zCreateNameDB Ended
