1713636900 01:15:00 PM Start_target=Original
1713636900 01:15:00 PM   |- start zNetgen
1713636911 01:15:11 PM     |=> zNetgen: 0 mins
1713636911 01:15:11 PM   |- end zNetgen
1713636915 01:15:15 PM   |- start XDC sorter
1713636921 01:15:21 PM Start Vivado
1713636971 01:16:11 PM     |- add_files/link_design: 1 mins
1713636971 01:16:11 PM     |=> initialisation_linked: 1 mins
1713636972 01:16:12 PM   |- start phase: netlist_analys_preproc
1713636973 01:16:13 PM     |=> netlist_analys_preproc: 1 mins
1713636974 01:16:14 PM   |- start phase: read_constraints
1713637001 01:16:41 PM     |=> read_constraints: 1 mins
1713637002 01:16:42 PM   |- start phase: opt_design
1713637002 01:16:42 PM       |=>  opt_design: 1 mins
1713637002 01:16:42 PM   << ERROR DETECTED IN OPT_DESIGN >> 
1713637008 01:16:48 PM        |- generate: timing and dcp_opt_design.dcp
1713637002 01:16:42 PM   << ERROR DETECTED IN opt_design DESIGN >> 
1713637011 01:16:51 PM     => vivado_ko: 1 mins
1713637011 01:16:51 PM vivado: 1 mins
1713637019 01:16:59 PM TRIGGER : GREP
1713637151 01:19:11 PM Start_target=L0
1713637151 01:19:11 PM   |- start zNetgen
1713637162 01:19:22 PM     |=> zNetgen: 0 mins
1713637162 01:19:22 PM   |- end zNetgen
1713637166 01:19:26 PM   |- start XDC sorter
1713637172 01:19:32 PM Start Vivado
1713637222 01:20:22 PM     |- add_files/link_design: 1 mins
1713637222 01:20:22 PM     |=> initialisation_linked: 1 mins
1713637222 01:20:22 PM   |- start phase: netlist_analys_preproc
1713637224 01:20:24 PM     |=> netlist_analys_preproc: 1 mins
1713637225 01:20:25 PM   |- start phase: read_constraints
1713637250 01:20:50 PM     |=> read_constraints: 1 mins
1713637251 01:20:51 PM   |- start phase: opt_design
1713637251 01:20:51 PM       |=>  opt_design: 1 mins
1713637251 01:20:51 PM   << ERROR DETECTED IN OPT_DESIGN >> 
1713637251 01:20:51 PM   << ERROR DETECTED IN opt_design DESIGN >> 
1713637253 01:20:53 PM     => vivado_ko: 1 mins
1713637253 01:20:53 PM vivado: 1 mins
