
Processing clkg
before constantPropagate: 0u 0s 1107e 601820kB
after constantPropagate: 0u 0s 1107e 601820kB
before removeUnusedSignals circuit: 0u 0s 1107e 601820kB
after removeUnusedSignals circuit: 0u 0s 1107e 601820kB
before optimize latch enable: 0u 0s 1107e 601820kB
after optimize latch enable: 0u 0s 1107e 601820kB
before removeReadAfterMissingWrite: 0u 0s 1107e 601820kB
after removeReadAfterMissingWrite: 0u 0s 1107e 601820kB
before undoDimensionalSplitOfMemories: 0u 0s 1107e 601820kB
after undoDimensionalSplitOfMemories: 0u 0s 1107e 601820kB
before extractMemories: 0u 0s 1107e 601820kB
after extractMemories: 0u 0s 1107e 601820kB
before extractHolds: 0u 0s 1107e 601820kB
after extractHolds: 0u 0s 1107e 601820kB
before simplifyAdders: 0u 0s 1107e 601820kB
after simplifyAdders: 0u 0s 1107e 601820kB
before reportUnresolvedType: 0u 0s 1107e 601820kB
after reportUnresolvedType: 0u 0s 1107e 601820kB
before dumpingPerModuleScm : 0u 0s 1107e 601820kB
after dumpingPerModuleScm : 0u 0s 1107e 601820kB

Processing fifo_usage_spy
before constantPropagate: 0u 0s 1107e 601820kB
after constantPropagate: 0u 0s 1107e 601820kB
before removeUnusedSignals circuit: 0u 0s 1107e 601820kB
after removeUnusedSignals circuit: 0u 0s 1107e 601820kB
before optimize latch enable: 0u 0s 1107e 601820kB
after optimize latch enable: 0u 0s 1107e 601820kB
before removeReadAfterMissingWrite: 0u 0s 1107e 601820kB
after removeReadAfterMissingWrite: 0u 0s 1107e 601820kB
before undoDimensionalSplitOfMemories: 0u 0s 1107e 601820kB
after undoDimensionalSplitOfMemories: 0u 0s 1107e 601820kB
before extractMemories: 0u 0s 1107e 601820kB
after extractMemories: 0u 0s 1107e 601820kB
before extractHolds: 0u 0s 1107e 601820kB
after extractHolds: 0u 0s 1111e 601820kB
before simplifyAdders: 0u 0s 1111e 601820kB
after simplifyAdders: 0u 0s 1111e 601820kB
before reportUnresolvedType: 0u 0s 1111e 601820kB
after reportUnresolvedType: 0u 0s 1111e 601820kB
before dumpingPerModuleScm : 0u 0s 1111e 601820kB
after dumpingPerModuleScm : 0u 0s 1111e 601820kB

Processing parity
before constantPropagate: 0u 0s 1111e 601820kB
after constantPropagate: 0u 0s 1111e 601820kB
before removeUnusedSignals circuit: 0u 0s 1111e 601820kB
after removeUnusedSignals circuit: 0u 0s 1111e 601820kB
before optimize latch enable: 0u 0s 1111e 601820kB
after optimize latch enable: 0u 0s 1111e 601820kB
before removeReadAfterMissingWrite: 0u 0s 1111e 601820kB
after removeReadAfterMissingWrite: 0u 0s 1111e 601820kB
before undoDimensionalSplitOfMemories: 0u 0s 1111e 601820kB
after undoDimensionalSplitOfMemories: 0u 0s 1111e 601820kB
before extractMemories: 0u 0s 1111e 601820kB
after extractMemories: 0u 0s 1111e 601820kB
before extractHolds: 0u 0s 1111e 601820kB
after extractHolds: 0u 0s 1111e 601820kB
before simplifyAdders: 0u 0s 1111e 601820kB
after simplifyAdders: 0u 0s 1111e 601820kB
before reportUnresolvedType: 0u 0s 1111e 601820kB
after reportUnresolvedType: 0u 0s 1111e 601820kB
before dumpingPerModuleScm : 0u 0s 1111e 601820kB
after dumpingPerModuleScm : 0u 0s 1111e 601820kB

Processing proba
before constantPropagate: 0u 0s 1111e 601820kB
after constantPropagate: 0u 0s 1111e 601820kB
before removeUnusedSignals circuit: 0u 0s 1111e 601820kB
after removeUnusedSignals circuit: 0u 0s 1111e 601820kB
before optimize latch enable: 0u 0s 1111e 601820kB
after optimize latch enable: 0u 0s 1111e 601820kB
before removeReadAfterMissingWrite: 0u 0s 1111e 601820kB
after removeReadAfterMissingWrite: 0u 0s 1111e 601820kB
before undoDimensionalSplitOfMemories: 0u 0s 1111e 601820kB
after undoDimensionalSplitOfMemories: 0u 0s 1111e 601820kB
before extractMemories: 0u 0s 1111e 601820kB
after extractMemories: 0u 0s 1111e 601820kB
before extractHolds: 0u 0s 1111e 601820kB
after extractHolds: 0u 0s 1111e 601820kB
before simplifyAdders: 0u 0s 1111e 601820kB
after simplifyAdders: 0u 0s 1111e 601820kB
before reportUnresolvedType: 0u 0s 1111e 601820kB
after reportUnresolvedType: 0u 0s 1111e 601820kB
before dumpingPerModuleScm : 0u 0s 1111e 601820kB
after dumpingPerModuleScm : 0u 0s 1111e 601820kB

Processing proba_0000
before constantPropagate: 0u 0s 1111e 601820kB
after constantPropagate: 0u 0s 1111e 601820kB
before removeUnusedSignals circuit: 0u 0s 1111e 601820kB
after removeUnusedSignals circuit: 0u 0s 1111e 601820kB
before optimize latch enable: 0u 0s 1111e 601820kB
after optimize latch enable: 0u 0s 1111e 601820kB
before removeReadAfterMissingWrite: 0u 0s 1111e 601820kB
after removeReadAfterMissingWrite: 0u 0s 1111e 601820kB
before undoDimensionalSplitOfMemories: 0u 0s 1111e 601820kB
after undoDimensionalSplitOfMemories: 0u 0s 1111e 601820kB
before extractMemories: 0u 0s 1111e 601820kB
after extractMemories: 0u 0s 1111e 601820kB
before extractHolds: 0u 0s 1111e 601820kB
after extractHolds: 0u 0s 1111e 601820kB
before simplifyAdders: 0u 0s 1111e 601820kB
after simplifyAdders: 0u 0s 1111e 601820kB
before reportUnresolvedType: 0u 0s 1111e 601820kB
after reportUnresolvedType: 0u 0s 1111e 601820kB
before dumpingPerModuleScm : 0u 0s 1111e 601820kB
after dumpingPerModuleScm : 0u 0s 1111e 601820kB

Processing stb
before constantPropagate: 0u 0s 1111e 601820kB
after constantPropagate: 0u 0s 1111e 601820kB
before removeUnusedSignals circuit: 0u 0s 1111e 601820kB
after removeUnusedSignals circuit: 0u 0s 1111e 601820kB
before optimize latch enable: 0u 0s 1111e 601820kB
after optimize latch enable: 0u 0s 1111e 601820kB
before removeReadAfterMissingWrite: 0u 0s 1111e 601820kB
after removeReadAfterMissingWrite: 0u 0s 1111e 601820kB
before undoDimensionalSplitOfMemories: 0u 0s 1111e 601820kB
after undoDimensionalSplitOfMemories: 0u 0s 1111e 601820kB
before extractMemories: 0u 0s 1111e 601820kB
after extractMemories: 0u 0s 1111e 601820kB
before extractHolds: 0u 0s 1111e 601820kB
after extractHolds: 0u 0s 1111e 601820kB
before simplifyAdders: 0u 0s 1111e 601820kB
after simplifyAdders: 0u 0s 1111e 601820kB
before reportUnresolvedType: 0u 0s 1111e 601820kB
after reportUnresolvedType: 0u 0s 1111e 601820kB
before dumpingPerModuleScm : 0.01u 0s 1111e 601820kB
after dumpingPerModuleScm : 0.01u 0s 1111e 601820kB
