
Note-[SM_PME] Processing Module/Entity
  Processing: stb Parameterized Name: stb


Note-[SM_IIF] Instance Info
  Instance Count : module 'stb' has 7 instances
  


Note-[SM_CHLDRUN_DONE] Child process run completed
  Child process number '1' with process id '17337'
  is done with synthesis of total '1' modules
  SIMON Child CPU Time        : 0.02 sec
  SIMON Child Wall-Clock Time : 0.03 sec
  SIMON Child Current Memory  : 588 MB
  SIMON Child Peak Memory     : 588 MB
  SIMON Distribution          : 0.01,0.00,0.00,0.00 sec
  End time                    : Sat Apr 20 13:13:45 2024
  .


Note-[SM_POME] Processing Module/Entity
  Performing post-processing optimizations on Module/Entity: clkg


Note-[SM_POME] Processing Module/Entity
  Performing post-processing optimizations on Module/Entity: fifo_usage_spy


Note-[SM_POME] Processing Module/Entity
  Performing post-processing optimizations on Module/Entity: parity


Note-[SM_POME] Processing Module/Entity
  Performing post-processing optimizations on Module/Entity: proba


Note-[SM_POME] Processing Module/Entity
  Performing post-processing optimizations on Module/Entity: proba_0000


Note-[SM_POME] Processing Module/Entity
  Performing post-processing optimizations on Module/Entity: stb


Note-[SM_CHLDRUN_DONE] Child process run completed
  Child process number '1' with process id '17339'
  is done with post-processing optimizations of total '6' modules
  SIMON Child CPU Time        : 0.01 sec
  SIMON Child Wall-Clock Time : 0.09 sec
  SIMON Child Current Memory  : 587 MB
  SIMON Child Peak Memory     : 587 MB
  SIMON Distribution          : 0.00,0.00,0.00,0.00 sec
  End time                    : Sat Apr 20 13:13:46 2024
  .

