#   20/04/24  11:41:11 - No complexity available
#   20/04/24  11:41:20 - F08.Original added
#   20/04/24  11:41:20 - Process running PaR jobs
#   20/04/24  11:41:24 - F08.Original xstep message received: '1713631283 pid 32613'
#   20/04/24  11:43:27 - F08.Original xstep message received: '1713631407 relaunch param1'
#   20/04/24  11:43:27 - F08.L0 use regular Fpga class for relaunch
#   20/04/24  11:43:27 - F08.L0 added
#   20/04/24  11:43:27 - F08.L1 use regular Fpga class for relaunch
#   20/04/24  11:43:27 - F08.L1 added
#   20/04/24  11:43:27 - F08.L2 use regular Fpga class for relaunch
#   20/04/24  11:43:27 - F08.L2 added
#   20/04/24  11:43:27 - F08.L3 use regular Fpga class for relaunch
#   20/04/24  11:43:27 - F08.L3 added
#   20/04/24  11:43:27 - F08.L4 use regular Fpga class for relaunch
#   20/04/24  11:43:27 - F08.L4 added
#   20/04/24  11:43:27 - F08.L5 use regular Fpga class for relaunch
#   20/04/24  11:43:27 - F08.L5 added
#   20/04/24  11:43:27 - F08.L6 use regular Fpga class for relaunch
#   20/04/24  11:43:27 - F08.L6 added
#   20/04/24  11:43:27 - F08.L7 use regular Fpga class for relaunch
#   20/04/24  11:43:27 - F08.L7 added
#   20/04/24  11:43:27 - F08.L8 use regular Fpga class for relaunch
#   20/04/24  11:43:27 - F08.L8 added
#   20/04/24  11:43:27 - F08.L9 use regular Fpga class for relaunch
#   20/04/24  11:43:27 - F08.L9 added
#   20/04/24  11:43:27 - F08.L10 use regular Fpga class for relaunch
#   20/04/24  11:43:27 - F08.L10 added
#   20/04/24  11:43:27 - F08.L11 use regular Fpga class for relaunch
#   20/04/24  11:43:27 - F08.L11 added
#   20/04/24  11:43:27 - F08.L12 use regular Fpga class for relaunch
#   20/04/24  11:43:27 - F08.L12 added
#   20/04/24  11:43:27 - F08.L13 use regular Fpga class for relaunch
#   20/04/24  11:43:27 - F08.L13 added
#   20/04/24  11:43:27 - F08.L14 use regular Fpga class for relaunch
#   20/04/24  11:43:27 - F08.L14 added
#   20/04/24  11:43:27 - F08.L15 use regular Fpga class for relaunch
#   20/04/24  11:43:27 - F08.L15 added
#   20/04/24  11:43:27 - F08.L16 use regular Fpga class for relaunch
#   20/04/24  11:43:27 - F08.L16 added
#   20/04/24  11:43:31 - F08.L0 xstep message received: '1713631410 pid 40306'
#   20/04/24  11:43:31 - F08.L1 xstep message received: '1713631410 pid 40308'
#   20/04/24  11:43:31 - F08.L2 xstep message received: '1713631410 pid 40322'
#   20/04/24  11:43:31 - F08.L3 xstep message received: '1713631410 pid 40336'
#   20/04/24  11:43:31 - F08.L4 xstep message received: '1713631410 pid 40342'
#   20/04/24  11:43:31 - F08.L5 xstep message received: '1713631410 pid 40343'
#   20/04/24  11:43:31 - F08.L6 xstep message received: '1713631410 pid 40346'
#   20/04/24  11:43:31 - F08.L7 xstep message received: '1713631410 pid 40345'
#   20/04/24  11:43:31 - F08.L8 xstep message received: '1713631410 pid 40351'
#   20/04/24  11:43:31 - F08.L9 xstep message received: '1713631410 pid 40356'
#   20/04/24  11:43:31 - F08.L10 xstep message received: '1713631410 pid 40374'
#   20/04/24  11:43:31 - F08.L11 xstep message received: '1713631410 pid 40389'
#   20/04/24  11:43:31 - F08.L12 xstep message received: '1713631410 pid 40407'
#   20/04/24  11:43:31 - F08.L13 xstep message received: '1713631410 pid 40398'
#   20/04/24  11:43:31 - F08.L14 xstep message received: '1713631410 pid 40397'
#   20/04/24  11:43:31 - F08.L15 xstep message received: '1713631410 pid 40402'
#   20/04/24  11:43:31 - F08.L16 xstep message received: '1713631410 pid 40406'
#   20/04/24  11:45:12 - F08.Original xstep message received: '1713631511 relaunch param1'
#   20/04/24  11:45:12 - Relaunches are no more accepted for FPGA F08.Original
#   20/04/24  11:45:12 - F08.Original xstep message received: '1713631511 finished KO'
#   20/04/24  11:45:12 - F08.Original terminated: KO
#   20/04/24  11:45:36 - F08.L0 xstep message received: '1713631536 relaunch param1'
#   20/04/24  11:45:36 - Relaunches are no more accepted for FPGA F08.L0
#   20/04/24  11:45:36 - F08.L1 xstep message received: '1713631536 relaunch param1'
#   20/04/24  11:45:36 - Relaunches are no more accepted for FPGA F08.L1
#   20/04/24  11:45:36 - F08.L2 xstep message received: '1713631536 relaunch param1'
#   20/04/24  11:45:36 - Relaunches are no more accepted for FPGA F08.L2
#   20/04/24  11:45:38 - F08.L3 xstep message received: '1713631537 relaunch param1'
#   20/04/24  11:45:38 - Relaunches are no more accepted for FPGA F08.L3
#   20/04/24  11:45:38 - F08.L4 xstep message received: '1713631536 relaunch param1'
#   20/04/24  11:45:38 - Relaunches are no more accepted for FPGA F08.L4
#   20/04/24  11:45:38 - F08.L5 xstep message received: '1713631537 relaunch param1'
#   20/04/24  11:45:38 - Relaunches are no more accepted for FPGA F08.L5
#   20/04/24  11:45:39 - F08.L7 xstep message received: '1713631537 relaunch param1'
#   20/04/24  11:45:39 - Relaunches are no more accepted for FPGA F08.L7
#   20/04/24  11:45:39 - F08.L8 xstep message received: '1713631537 relaunch param1'
#   20/04/24  11:45:39 - Relaunches are no more accepted for FPGA F08.L8
#   20/04/24  11:45:39 - F08.L11 xstep message received: '1713631537 relaunch param1'
#   20/04/24  11:45:39 - Relaunches are no more accepted for FPGA F08.L11
#   20/04/24  11:45:39 - F08.L13 xstep message received: '1713631537 relaunch param1'
#   20/04/24  11:45:39 - Relaunches are no more accepted for FPGA F08.L13
#   20/04/24  11:45:39 - F08.L14 xstep message received: '1713631537 relaunch param1'
#   20/04/24  11:45:39 - Relaunches are no more accepted for FPGA F08.L14
#   20/04/24  11:45:39 - F08.L15 xstep message received: '1713631537 relaunch param1'
#   20/04/24  11:45:39 - Relaunches are no more accepted for FPGA F08.L15
#   20/04/24  11:45:39 - F08.L16 xstep message received: '1713631537 relaunch param1'
#   20/04/24  11:45:39 - Relaunches are no more accepted for FPGA F08.L16
#   20/04/24  11:46:40 - F08.L6 xstep message received: '1713631599 relaunch param1'
#   20/04/24  11:46:40 - Relaunches are no more accepted for FPGA F08.L6
#   20/04/24  11:46:40 - F08.L9 xstep message received: '1713631599 relaunch param1'
#   20/04/24  11:46:40 - Relaunches are no more accepted for FPGA F08.L9
#   20/04/24  11:46:40 - F08.L10 xstep message received: '1713631599 relaunch param1'
#   20/04/24  11:46:40 - Relaunches are no more accepted for FPGA F08.L10
#   20/04/24  11:46:40 - F08.L12 xstep message received: '1713631599 relaunch param1'
#   20/04/24  11:46:40 - Relaunches are no more accepted for FPGA F08.L12
#   20/04/24  11:47:29 - F08.L4 xstep message received: '1713631647 relaunch param1'
#   20/04/24  11:47:29 - Relaunches are no more accepted for FPGA F08.L4
#   20/04/24  11:47:29 - F08.L4 xstep message received: '1713631647 finished KO'
#   20/04/24  11:47:29 - F08.L4 terminated: KO
#   20/04/24  11:47:29 - F08.L7 xstep message received: '1713631647 relaunch param1'
#   20/04/24  11:47:29 - Relaunches are no more accepted for FPGA F08.L7
#   20/04/24  11:47:29 - F08.L7 xstep message received: '1713631647 finished KO'
#   20/04/24  11:47:29 - F08.L7 terminated: KO
#   20/04/24  11:47:29 - F08.L8 xstep message received: '1713631649 relaunch param1'
#   20/04/24  11:47:29 - Relaunches are no more accepted for FPGA F08.L8
#   20/04/24  11:47:29 - F08.L8 xstep message received: '1713631649 finished KO'
#   20/04/24  11:47:29 - F08.L8 terminated: KO
#   20/04/24  11:47:31 - F08.L1 xstep message received: '1713631651 relaunch param1'
#   20/04/24  11:47:31 - Relaunches are no more accepted for FPGA F08.L1
#   20/04/24  11:47:31 - F08.L1 xstep message received: '1713631651 finished KO'
#   20/04/24  11:47:31 - F08.L1 terminated: KO
#   20/04/24  11:47:33 - Timeout after task end without any 'finished' message for FPGA F08.Original
#   20/04/24  11:47:33 - F08.L0 xstep message received: '1713631652 relaunch param1'
#   20/04/24  11:47:33 - Relaunches are no more accepted for FPGA F08.L0
#   20/04/24  11:47:33 - F08.L0 xstep message received: '1713631652 finished KO'
#   20/04/24  11:47:33 - F08.L0 terminated: KO
#   20/04/24  11:47:35 - Timeout after task end without any 'finished' message for FPGA F08.Original
#   20/04/24  11:47:35 - F08.L2 xstep message received: '1713631653 relaunch param1'
#   20/04/24  11:47:35 - Relaunches are no more accepted for FPGA F08.L2
#   20/04/24  11:47:35 - F08.L2 xstep message received: '1713631653 finished KO'
#   20/04/24  11:47:35 - F08.L2 terminated: KO
#   20/04/24  11:47:37 - Timeout after task end without any 'finished' message for FPGA F08.Original
#   20/04/24  11:47:37 - F08.L16 xstep message received: '1713631657 relaunch param1'
#   20/04/24  11:47:37 - Relaunches are no more accepted for FPGA F08.L16
#   20/04/24  11:47:37 - F08.L16 xstep message received: '1713631657 finished KO'
#   20/04/24  11:47:37 - F08.L16 terminated: KO
#   20/04/24  11:47:39 - Timeout after task end without any 'finished' message for FPGA F08.Original
#   20/04/24  11:47:39 - F08.L3 xstep message received: '1713631659 relaunch param1'
#   20/04/24  11:47:39 - Relaunches are no more accepted for FPGA F08.L3
#   20/04/24  11:47:39 - F08.L3 xstep message received: '1713631659 finished KO'
#   20/04/24  11:47:39 - F08.L3 terminated: KO
#   20/04/24  11:47:39 - F08.L5 xstep message received: '1713631659 relaunch param1'
#   20/04/24  11:47:39 - Relaunches are no more accepted for FPGA F08.L5
#   20/04/24  11:47:39 - F08.L5 xstep message received: '1713631659 finished KO'
#   20/04/24  11:47:39 - F08.L5 terminated: KO
#   20/04/24  11:47:39 - F08.L13 xstep message received: '1713631658 relaunch param1'
#   20/04/24  11:47:39 - Relaunches are no more accepted for FPGA F08.L13
#   20/04/24  11:47:39 - F08.L13 xstep message received: '1713631658 finished KO'
#   20/04/24  11:47:39 - F08.L13 terminated: KO
#   20/04/24  11:47:39 - F08.L14 xstep message received: '1713631657 relaunch param1'
#   20/04/24  11:47:39 - Relaunches are no more accepted for FPGA F08.L14
#   20/04/24  11:47:39 - F08.L14 xstep message received: '1713631657 finished KO'
#   20/04/24  11:47:39 - F08.L14 terminated: KO
#   20/04/24  11:47:41 - Timeout after task end without any 'finished' message for FPGA F08.Original
#   20/04/24  11:47:41 - F08.L9 xstep message received: '1713631661 relaunch param1'
#   20/04/24  11:47:41 - Relaunches are no more accepted for FPGA F08.L9
#   20/04/24  11:47:41 - F08.L9 xstep message received: '1713631661 finished KO'
#   20/04/24  11:47:41 - F08.L9 terminated: KO
#   20/04/24  11:47:41 - F08.L11 xstep message received: '1713631659 relaunch param1'
#   20/04/24  11:47:41 - Relaunches are no more accepted for FPGA F08.L11
#   20/04/24  11:47:41 - F08.L11 xstep message received: '1713631659 finished KO'
#   20/04/24  11:47:41 - F08.L11 terminated: KO
#   20/04/24  11:47:41 - F08.L15 xstep message received: '1713631660 relaunch param1'
#   20/04/24  11:47:41 - Relaunches are no more accepted for FPGA F08.L15
#   20/04/24  11:47:41 - F08.L15 xstep message received: '1713631660 finished KO'
#   20/04/24  11:47:41 - F08.L15 terminated: KO
#   20/04/24  11:47:43 - Timeout after task end without any 'finished' message for FPGA F08.Original
#   20/04/24  11:47:43 - F08.L10 xstep message received: '1713631663 relaunch param1'
#   20/04/24  11:47:43 - Relaunches are no more accepted for FPGA F08.L10
#   20/04/24  11:47:43 - F08.L10 xstep message received: '1713631663 finished KO'
#   20/04/24  11:47:43 - F08.L10 terminated: KO
#   20/04/24  11:47:45 - Timeout after task end without any 'finished' message for FPGA F08.Original
#   20/04/24  11:47:45 - F08.L6 xstep message received: '1713631663 relaunch param1'
#   20/04/24  11:47:45 - Relaunches are no more accepted for FPGA F08.L6
#   20/04/24  11:47:45 - F08.L6 xstep message received: '1713631663 finished KO'
#   20/04/24  11:47:45 - F08.L6 terminated: KO
#   20/04/24  11:47:47 - Timeout after task end without any 'finished' message for FPGA F08.Original
#   20/04/24  11:47:50 - Timeout after task end without any 'finished' message for FPGA F08.Original
#   20/04/24  11:47:52 - Timeout after task end without any 'finished' message for FPGA F08.Original
#   20/04/24  11:47:54 - Timeout after task end without any 'finished' message for FPGA F08.Original
#   20/04/24  11:47:54 - F08.L12 xstep message received: '1713631672 relaunch param1'
#   20/04/24  11:47:54 - Relaunches are no more accepted for FPGA F08.L12
#   20/04/24  11:47:54 - F08.L12 xstep message received: '1713631672 finished KO'
#   20/04/24  11:47:54 - F08.L12 terminated: KO
#   20/04/24  11:47:56 - Timeout after task end without any 'finished' message for FPGA F08.Original
#   20/04/24  11:47:58 - Timeout after task end without any 'finished' message for FPGA F08.Original
#   20/04/24  11:48:00 - Timeout after task end without any 'finished' message for FPGA F08.Original
#   20/04/24  11:48:02 - Timeout after task end without any 'finished' message for FPGA F08.Original
#   20/04/24  11:48:04 - Timeout after task end without any 'finished' message for FPGA F08.Original
#   20/04/24  11:48:06 - Timeout after task end without any 'finished' message for FPGA F08.Original
#   20/04/24  11:48:09 - Timeout after task end without any 'finished' message for FPGA F08.Original
#   20/04/24  11:48:11 - Timeout after task end without any 'finished' message for FPGA F08.Original
#   20/04/24  11:48:13 - Timeout after task end without any 'finished' message for FPGA F08.Original
#   20/04/24  11:48:13 - Finished
