#-----------------------------------------------------------
# Vivado v2019.1_EP06_159265 (64-bit)
# SW Build (by stepheny) on Fri Oct 11 16:37:07 PDT 2019
# IP Build 2548770 on Wed May 29 13:01:34 MDT 2019
# Start of session at: Sat Apr 20 13:15:22 2024
# Process ID: 21768
# Current directory: /home/grads/h/hbritton/csce689LabsBritton/lab-4-habrit/zebu/zcui.work/backend_default/U0/M0/IF.Original
# Command line: vivado -mode batch -notrace -source /opt/coe/synopsys/zebu/Q-2020.03-SP1-4/etc/vivado_v7/compil_vivado_v7.tcl -tempDir tmp_dcp
# Log file: /home/grads/h/hbritton/csce689LabsBritton/lab-4-habrit/zebu/zcui.work/backend_default/U0/M0/IF.Original/vivado.log
# Journal file: /home/grads/h/hbritton/csce689LabsBritton/lab-4-habrit/zebu/zcui.work/backend_default/U0/M0/IF.Original/vivado.jou
#-----------------------------------------------------------
INFO: [Common 17-1239] XILINX_LOCAL_USER_DATA is set to 'no'.
Sourcing tcl script '/opt/coe/synopsys/zebu/Q-2020.03-SP1-4/vivado/scripts/Vivado_init.tcl'
source /opt/coe/synopsys/zebu/Q-2020.03-SP1-4/etc/vivado_v7/compil_vivado_v7.tcl -notrace
[SW_FPGA] - INFO : Loading zebu_fpga_compile_env.tcl
[SW_FPGA] - INFO : Loading vivado_common_pkg.tcl
[SW_FPGA] - INFO : Loading vivado_proc_pkg.tcl
[SW_FPGA] - INFO : Loading vivado_reports_pkg.tcl
[SW_FPGA] - INFO : Loading vivado_v7_pkg.tcl
[SW_FPGA] - INFO : Loading triton_common_pkg.tcl

[SW_FPGA] - INFO : Generating XDC WA for Vivado V7 Link_design

[SW_FPGA] - INFO : Vivado Parameters used 
VIVADO_ENABLE_SINGLE_MACHINE_MPF=0
VIVADO_ENABLE_MULTI_MACHINE_MPF=0

[SW_FPGA] - INFO : top fpga name is: design
[SW_FPGA] - INFO : bitgen options sets [-w -g DriveDONE:Yes -g persist:x16 -g StartUpClk:CCLK -g OverTempPowerDown:Enable -g DONE_cycle:1 -g GTS_cycle:2] 
0 Beta devices matching pattern found, 0 enabled.
[SW_FPGA] - INFO : Default Vivado params loaded
[SW_FPGA] - INFO : Disable place.autoLaguna
[SW_FPGA] - INFO : place.opportunisticLagunaRegUse  false
[SW_FPGA] - INFO : physynth.enableLagunaSites  false
[SW_FPGA] - INFO : physynth.slrCrossingOptTnsInExplore false
[SW_FPGA] - INFO : VIVADO_FORCE_REPLICATION=ON
[SW_FPGA] - INFO : Default Vivado message config loaded
[SW_FPGA] - INFO : FPGA (FX)=IF is being compiled
[SW_FPGA] - INFO : Advanced Vivado Debug parameters [Enabled]
[SW_FPGA] - INFO : Vivado params selectable: Delete Empty Hierarchy with Dont touch => [enabled]
[SW_FPGA] - hw_type is v7
[SW_FPGA] - INFO : Vivado params selectable: Multithreading value = 4
[SW_FPGA] - INFO : Vivado params selectable: Global Hold Iter => [enabled]
[SW_FPGA] - INFO : Vivado params selectable: route SLL Assignment  => [enabled]
[SW_FPGA] - INFO : Vivado params selectable: place_design BUFG insertion in 2017.3  => [enabled]
[SW_FPGA] - INFO : elapsed time of the procedure zVivado_set_options_variable 1 mins
[SW_FPGA] - INFO : Extra BUFG Insertion by Vivado [disabled]

[SW_FPGA] - INFO : Sources files loading ...

Command: link_design -top design -part xc7v2000tflg1925-1
Design is defaulting to srcset: sources_1
Design is defaulting to constrset: constrs_1
INFO: [Device 21-403] Loading part xc7v2000tflg1925-1
Parsing EDIF File [./design.edf]
Finished Parsing EDIF File [./design.edf]
INFO: [Netlist 29-17] Analyzing 12019 Unisim elements for replacement
INFO: [Netlist 29-28] Unisim Transformation completed in 1 CPU seconds
INFO: [Project 1-479] Netlist was created with Zebu Edif Generator   Tue 18 10 2022 - 00:57: v2.0
INFO: [Project 1-570] Preparing netlist for logic optimization
Parsing XDC File [/home/grads/h/hbritton/csce689LabsBritton/lab-4-habrit/zebu/zcui.work/backend_default/U0/M0/IF.Original/no_dont_touch.xdc]
Finished Parsing XDC File [/home/grads/h/hbritton/csce689LabsBritton/lab-4-habrit/zebu/zcui.work/backend_default/U0/M0/IF.Original/no_dont_touch.xdc]
INFO: [Opt 31-138] Pushed 8 inverter(s) to 8 load pin(s).
Netlist sorting complete. Time (s): cpu = 00:00:00 ; elapsed = 00:00:00 . Memory (MB): peak = 2431.379 ; gain = 0.000 ; free physical = 170514 ; free virtual = 188729
INFO: [Project 1-111] Unisim Transformation Summary:
  A total of 7400 instances were transformed.
  (MUXCY,XORCY) => CARRY4: 678 instances
  AND2 => LUT2: 1 instances
  AND3 => LUT3: 4 instances
  FD => FDRE: 917 instances
  FDC => FDCE: 371 instances
  FDE => FDRE: 4961 instances
  FDP => FDPE: 96 instances
  FDR => FDRE: 127 instances
  FDRS => FDRS (FDRE, LUT2, VCC): 20 instances
  FDS => FDSE: 80 instances
  IODELAY => IDELAYE2: 2 instances
  IODELAY => ODELAYE2: 6 instances
  LD => LDCE: 2 instances
  MMCME2_BASE => MMCME2_ADV: 4 instances
  OR2 => LUT2: 32 instances
  RAM16X1D => RAM32X1D (RAMD32, RAMD32): 48 instances
  RAM64M => RAM64M (RAMD64E, RAMD64E, RAMD64E, RAMD64E): 48 instances
  RAMB36_EXP => RAMB36E1: 2 instances
  SYSMON => XADC: 1 instances

7 Infos, 0 Warnings, 0 Critical Warnings and 0 Errors encountered.
link_design completed successfully
link_design: Time (s): cpu = 00:00:30 ; elapsed = 00:00:41 . Memory (MB): peak = 2431.379 ; gain = 906.227 ; free physical = 170510 ; free virtual = 188725
INFO: [Common 17-600] The following parameters have non-default value.
general.maxThreads, tcl.collectionResultDisplayLimit, tcl.statsThreshold
Parsing XDC File [/home/grads/h/hbritton/csce689LabsBritton/lab-4-habrit/zebu/zcui.work/backend_default/U0/M0/IF.Original/dont_touch.xdc]
Finished Parsing XDC File [/home/grads/h/hbritton/csce689LabsBritton/lab-4-habrit/zebu/zcui.work/backend_default/U0/M0/IF.Original/dont_touch.xdc]
[SW_FPGA] - INFO : Sources files loaded and linked
[SW_FPGA] - INFO : Vivado message settings set
[SW_FPGA] - INFO : Settings based on environment variables beginning with VIVADO_KNOB_ :




  

#################################################################################
##                 VIVADO : STEP NETLIST_ANALYSIS_PREPROCESSING                ##
#################################################################################
##  phase:linked_analysis  -  Host: csce-quinn-s1.engr.tamu.edu  -  MemFree: 166 GB  -  LoadAverage (5s|5min|15min / NBcpu): 1.78|1.65|1.30 / 40  MemAvail: 179 GB

[SW_FPGA] - INFO : start netlist_analys_preproc phase
netlist_analys_preproc start time: 1713636972
netlist_analys_preproc start date: Sat Apr 20 13:16:12 CDT 2024



[SW_FPGA] - REPORTS : running zVreports_fpgaIO
  |- Total interface : 0 IO + 0 MGT IO
      |- 0  	 Socket input
      |- 0  	 Socket output
      |- 0  	 MGT_Socket input
      |- 0 	 MGT_Socket output
           |- MGT version: GT_GP

[SW_FPGA] - REPORTS : running zVreports_fpgaIO_distribution target=V7
+----------------------------------++-----------------------------+
| bank 22 | R=0     | S=0          || bank 42 | R=0     | S=0     |
| bank 21 | R=0     | S=0          || bank 41 | R=0     | S=0     |
| bank 20 | R=0     | S=0          || bank 40 | R=0     | S=0     |
+----------------------------------++-----------------------------+
| bank 19 | R=0     | S=0          || bank 39 | R=0     | S=0     |
| bank 18 | R=0     | S=0          || bank 38 | R=0     | S=0     |
| bank 17 | R=0     | S=0          || bank 37 | R=0     | S=0     |
+----------------------------------++-----------------------------+
| bank 16 | R=0     | S=0          || bank 36 | R=0     | S=0     |
| bank 15 | R=0     | S=0          || bank 35 | R=0     | S=0     |
| bank 14 | R=0     | S=0          || bank 34 | R=0     | S=0     |
+----------------------------------++-----------------------------+
| bank 13 | R=0     | S=0          || bank 33 | R=0     | S=0     |
| bank 12 | R=0     | S=0          || bank 32 | R=0     | S=0     |
| bank 11 | R=0     | S=0          || bank 31 | R=0     | S=0     |
+----------------------------------++-----------------------------+

[SW_FPGA] - REPORTS : running zVreports_zview
  |- 2 zview cells
  |- 14 FF cells as zview
       |- 0 FF cells as zview in sockets
  |- Total = 16 cells used

[SW_FPGA] - REPORTS : running pVivado_check_zpv_data
  |- 0 fwc
  |- 0 qiwc

[SW_FPGA] - REPORTS : running zVreports_BUFG_pins @ phase: linked

RTB/zins_fp_ctrl/wrapper/sysclk_mxif/u_xst_wrapper_0/bufg_sys_sclk[0]

RTB/zins_fp_ctrl/wrapper/sysclk_mxif/u_xst_wrapper_0/bufg_sys_sclk[1]

RTB/zins_fp_ctrl/wrapper/sysclk_mxif/u_xst_wrapper_0/ckpadgc_mclk_in/bufg_0
      +---------+---------+---------+---------+---------+---------+---------+---------+---------+---------+---------+
      |  TOTAL  | clock C | clock G | clk RAMB| clk IO  | clk DIV |   set   | preset  |  reset  | enable  |  data   |
      +---------+---------+---------+---------+---------+---------+---------+---------+---------+---------+---------+
      | 2627    | 2627    | 0       | 0       | 0       | 0       | 0       | 0       | 0       | 0       | 0       |
      +---------+---------+---------+---------+---------+---------+---------+---------+---------+---------+---------+

RTB/zins_fp_ctrl/wrapper/sysclk_mxif/u_xst_wrapper_0/ckpadgc_pclk_in/bufg_0
      +---------+---------+---------+---------+---------+---------+---------+---------+---------+---------+---------+
      |  TOTAL  | clock C | clock G | clk RAMB| clk IO  | clk DIV |   set   | preset  |  reset  | enable  |  data   |
      +---------+---------+---------+---------+---------+---------+---------+---------+---------+---------+---------+
      | 1493    | 1493    | 0       | 0       | 0       | 0       | 0       | 0       | 0       | 0       | 0       |
      +---------+---------+---------+---------+---------+---------+---------+---------+---------+---------+---------+

RTB/zins_fp_ctrl/wrapper/sysclk_mxif/u_xst_wrapper_0/sysclk_bus_dut_0/x_bufgctrl_ce_fib_clk/u_xst_wrapper_0/virtex7_bufgctrl_0
      +---------+---------+---------+---------+---------+---------+---------+---------+---------+---------+---------+
      |  TOTAL  | clock C | clock G | clk RAMB| clk IO  | clk DIV |   set   | preset  |  reset  | enable  |  data   |
      +---------+---------+---------+---------+---------+---------+---------+---------+---------+---------+---------+
      | 449     | 440     | 0       | 2       | 0       | 7       | 0       | 0       | 0       | 0       | 0       |
      +---------+---------+---------+---------+---------+---------+---------+---------+---------+---------+---------+

RTB/zins_fp_ctrl/wrapper/sysclk_mxif/u_xst_wrapper_0/sysclk_bus_dut_0/x_bufgctrl_ce_fib_clk_hs/u_xst_wrapper_0/virtex7_bufgctrl_0
      +---------+---------+---------+---------+---------+---------+---------+---------+---------+---------+---------+
      |  TOTAL  | clock C | clock G | clk RAMB| clk IO  | clk DIV |   set   | preset  |  reset  | enable  |  data   |
      +---------+---------+---------+---------+---------+---------+---------+---------+---------+---------+---------+
      | 9       | 2       | 0       | 0       | 7       | 0       | 0       | 0       | 0       | 0       | 0       |
      +---------+---------+---------+---------+---------+---------+---------+---------+---------+---------+---------+

RTB/zins_fp_ctrl/wrapper/sysclk_mxif/u_xst_wrapper_0/sysclk_bus_dut_0/x_bufgctrl_ce_fib_clko/u_xst_wrapper_0/virtex7_bufgctrl_0

RTB/zins_fp_ctrl/wrapper/sysclk_mxif/u_xst_wrapper_0/sysclk_bus_dut_0/x_bufgctrl_ce_srb_clk/u_xst_wrapper_0/virtex7_bufgctrl_0
      +---------+---------+---------+---------+---------+---------+---------+---------+---------+---------+---------+
      |  TOTAL  | clock C | clock G | clk RAMB| clk IO  | clk DIV |   set   | preset  |  reset  | enable  |  data   |
      +---------+---------+---------+---------+---------+---------+---------+---------+---------+---------+---------+
      | 2756    | 2441    | 0       | 1       | 313     | 0       | 0       | 0       | 0       | 0       | 0       |
      +---------+---------+---------+---------+---------+---------+---------+---------+---------+---------+---------+

RTB/zins_fp_ctrl/wrapper/sysclk_mxif/u_xst_wrapper_0/sysclk_idly_0/bufg_0
      +---------+---------+---------+---------+---------+---------+---------+---------+---------+---------+---------+
      |  TOTAL  | clock C | clock G | clk RAMB| clk IO  | clk DIV |   set   | preset  |  reset  | enable  |  data   |
      +---------+---------+---------+---------+---------+---------+---------+---------+---------+---------+---------+
      | 44      | 41      | 0       | 0       | 0       | 0       | 0       | 0       | 1       | 0       | 0       |
      +---------+---------+---------+---------+---------+---------+---------+---------+---------+---------+---------+

RTB/zins_fp_ctrl/wrapper/sysclk_mxif/u_xst_wrapper_0/sysclk_idly_0/x_bufgctrl_1/u_xst_wrapper_0/virtex7_bufgctrl_0

RTB/zins_fp_ctrl/wrapper/sysclk_mxif/u_xst_wrapper_0/sysclk_idly_0/x_bufgctrl_2/u_xst_wrapper_0/virtex7_bufgctrl_0

RTB/zins_fp_ctrl/wrapper/sysclk_mxif/u_xst_wrapper_0/sysclk_idly_0/x_bufgctrl_3/u_xst_wrapper_0/virtex7_bufgctrl_0

RTB/zins_fp_ctrl/wrapper/sysclk_mxif/u_xst_wrapper_0/sysclk_xclk2_0/x_bufgctrl_ce_sys_xclk/u_xst_wrapper_0/virtex7_bufgctrl_0

RTB/zins_fp_ctrl/wrapper/sysclk_mxif/u_xst_wrapper_0/sysclk_xclk2_0/x_bufgctrl_ce_sys_xclk_dv4/u_xst_wrapper_0/virtex7_bufgctrl_0

RTB/zins_fp_ctrl/wrapper/sysclk_mxif/u_xst_wrapper_0/sysclk_xclk_0/x_bufgctrl_ce_sys_xclk/u_xst_wrapper_0/virtex7_bufgctrl_0

RTB/zins_fp_ctrl/wrapper/sysclk_mxif/u_xst_wrapper_0/sysclk_xclk_0/x_bufgctrl_ce_sys_xclk_dv4/u_xst_wrapper_0/virtex7_bufgctrl_0
[SW_FPGA] - REPORTS : running zVreports_get_CST_fanout > 1000
WARNING: [Vivado 12-1023] No nets matched for command 'get_nets -of_objects [get_pins -of_objects [get_cells * -hier -filter { REF_NAME == VCC }] -filter { DIRECTION == OUT }] -filter { FLAT_PIN_COUNT > 1000 }'.
   |- GND cells impacted: 1
      |- 1107 	: RTB/zins_fp_ctrl/wrapper/synchronous_readback/synchronous_readback_registers/GND_1
   |- VCC cells impacted: 0


[SW_FPGA] - REPORTS : running zVreports_Primitive_hierarchy


[SW_FPGA] - REPORTS : running zVreports_Primitive_hierarchy_zNetgen
    |- file_name = csv/subsystems_ordered_by_norm_ztop_ZN.csv
    |- module_name=if_macro_xclk2_DEVICE_7_PCLK_ODELAY_0_0_8...(1)*  |  REG%=59  |  REG=4252  |  LUT%=57  |  LUT%=3978  |  IO=0  |  instance=0

[SW_FPGA] - INFO : Check Multidriver Nets
    |- No multi driven nets found

[SW_FPGA] - INFO : Check unconneced LUT inputs pins
    |- No Unconnected lut pins found






  

#################################################################################
##                             VIVADO : STEP READ_CONSTRAINTS                  ##
#################################################################################
##  phase:constraints  -  Host: csce-quinn-s1.engr.tamu.edu  -  MemFree: 166 GB  -  LoadAverage (5s|5min|15min / NBcpu): 1.78|1.65|1.30 / 40  MemAvail: 179 GB

[SW_FPGA] - INFO : start read_constraints phase
read_constraints start time: 1713636974
read_constraints start date: Sat Apr 20 13:16:14 CDT 2024

[SW_FPGA] - PROC : zVivado_MDTMX_DisableSocketPblock done
Parsing XDC File [/home/grads/h/hbritton/csce689LabsBritton/lab-4-habrit/zebu/zcui.work/backend_default/U0/M0/IF.Original/design.xdc]
CRITICAL WARNING: [Common 17-161] Invalid option value '%XCLK2_PERIOD%' specified for 'period'. [/home/grads/h/hbritton/csce689LabsBritton/lab-4-habrit/zebu/zcui.work/backend_default/U0/M0/IF.Original/design.xdc:19]
CRITICAL WARNING: [Common 17-1548] Command failed: missing operand at _@_
in expression "_@_%XCLK2_PERIOD%*4"
 [/home/grads/h/hbritton/csce689LabsBritton/lab-4-habrit/zebu/zcui.work/backend_default/U0/M0/IF.Original/design.xdc:20]
INFO: [Timing 38-2] Deriving generated clocks [/home/grads/h/hbritton/csce689LabsBritton/lab-4-habrit/zebu/zcui.work/backend_default/U0/M0/IF.Original/design.xdc:45]
WARNING: [Vivado 12-627] No clocks matched 'CLK_sys_xclk2'. [/home/grads/h/hbritton/csce689LabsBritton/lab-4-habrit/zebu/zcui.work/backend_default/U0/M0/IF.Original/design.xdc:52]
WARNING: [Vivado 12-627] No clocks matched 'CLK_sys_xclk2_dv4'. [/home/grads/h/hbritton/csce689LabsBritton/lab-4-habrit/zebu/zcui.work/backend_default/U0/M0/IF.Original/design.xdc:52]
INFO: [Vivado 12-626] No clocks found. Please use 'create_clock' or 'create_generated_clock' command to create clocks. [/home/grads/h/hbritton/csce689LabsBritton/lab-4-habrit/zebu/zcui.work/backend_default/U0/M0/IF.Original/design.xdc:52]
CRITICAL WARNING: [Vivado 12-4739] set_clock_groups:No valid object(s) found for '-group [get_clocks -include_generated_clocks {CLK_sys_xclk2 CLK_sys_xclk2_dv4}]'. [/home/grads/h/hbritton/csce689LabsBritton/lab-4-habrit/zebu/zcui.work/backend_default/U0/M0/IF.Original/design.xdc:52]
Resolution: Check if the specified object(s) exists in the current design. If it does, ensure that the correct design hierarchy was specified for the object. If you are working with clocks, make sure create_clock was used to create the clock object before it is referenced.
CRITICAL WARNING: [Constraints 18-4644] set_clock_groups: All clock groups specified are empty. Please specify atleast one clock group which is not empty. [/home/grads/h/hbritton/csce689LabsBritton/lab-4-habrit/zebu/zcui.work/backend_default/U0/M0/IF.Original/design.xdc:52]
WARNING: [Vivado 12-627] No clocks matched 'zebu_clock*'. [/home/grads/h/hbritton/csce689LabsBritton/lab-4-habrit/zebu/zcui.work/backend_default/U0/M0/IF.Original/design.xdc:119]
INFO: [Vivado 12-626] No clocks found. Please use 'create_clock' or 'create_generated_clock' command to create clocks. [/home/grads/h/hbritton/csce689LabsBritton/lab-4-habrit/zebu/zcui.work/backend_default/U0/M0/IF.Original/design.xdc:119]
CRITICAL WARNING: [Vivado 12-4739] set_max_time_borrow:No valid object(s) found for '-objects [get_clocks zebu_clock*]'. [/home/grads/h/hbritton/csce689LabsBritton/lab-4-habrit/zebu/zcui.work/backend_default/U0/M0/IF.Original/design.xdc:119]
Resolution: Check if the specified object(s) exists in the current design. If it does, ensure that the correct design hierarchy was specified for the object. If you are working with clocks, make sure create_clock was used to create the clock object before it is referenced.
Finished Parsing XDC File [/home/grads/h/hbritton/csce689LabsBritton/lab-4-habrit/zebu/zcui.work/backend_default/U0/M0/IF.Original/design.xdc]

[SW_FPGA] - INFO : Generating zpar false path constraints
[SW-FPGA] - PROC : called zVreports_zrm



  

#################################################################################
##                             VIVADO : STEP OPT_DESIGN                        ##
#################################################################################
##  phase:opt  -  Host: csce-quinn-s1.engr.tamu.edu  -  MemFree: 164 GB  -  LoadAverage (5s|5min|15min / NBcpu): 2.36|1.79|1.36 / 40  MemAvail: 178 GB

[SW_FPGA] - INFO : start opt_design phase
opt_design start time: 1713637002
opt_design start date: Sat Apr 20 13:16:42 CDT 2024

[SW_FPGA] - INFO : Vivado opt_design_options [-verbose -retarget -propconst -sweep ]
Command: opt_design -verbose -retarget -propconst -sweep
Attempting to get a license for feature 'Implementation' and/or device 'xc7v2000t'
WARNING: [Common 17-348] Failed to get the license for feature 'Implementation' and/or device 'xc7v2000t'. Explanation: A license feature for Implementation was found but is expired.
Resolution: Check the status of your licenses in the Vivado License Manager. For debug help search Xilinx Support for "Licensing FAQ". 
11 Infos, 5 Warnings, 6 Critical Warnings and 1 Errors encountered.
opt_design failed
ERROR: [Common 17-345] A valid license was not found for feature 'Implementation' and/or device 'xc7v2000t'. Please run the Vivado License Manager for assistance in determining
which features and devices are licensed for your system.
Resolution: Check the status of your licenses in the Vivado License Manager. For debug help search Xilinx Support for "Licensing FAQ". If you are using a license server, verify that the license server is up and running a version of the xilinx daemon that is compatible with the version of Xilinx software that you are using. Please note that Vivado 2017.3 and later requires upgrading your license server tools to the Flex 11.14.1 tools. Please confirm with your license admin that the correct version of the license server tools are installed.



[SW_FPGA] - ERROR : *************************************************
[SW_FPGA] - ERROR : ********* ERROR in opt_design phase  ************
[SW_FPGA] - ERROR : *************************************************
[SW_FPGA] - ERROR : Vivado compilation flow stopped at opt_design phase
[SW_FPGA] - ERROR : *************************************************
[SW_FPGA] - INFO : Generating post timing
[SW_FPGA] - INFO : Generating post checkpoints
Netlist sorting complete. Time (s): cpu = 00:00:00 ; elapsed = 00:00:00 . Memory (MB): peak = 3186.203 ; gain = 0.000 ; free physical = 170129 ; free virtual = 188346
INFO: [Timing 38-480] Writing timing data to binary archive.
Writing placer database...
Writing XDEF routing.
Writing XDEF routing logical nets.
Writing XDEF routing special nets.
Write XDEF Complete: Time (s): cpu = 00:00:00.24 ; elapsed = 00:00:00.09 . Memory (MB): peak = 3227.121 ; gain = 8.906 ; free physical = 170091 ; free virtual = 188312
INFO: [Common 17-1381] The checkpoint '/home/grads/h/hbritton/csce689LabsBritton/lab-4-habrit/zebu/zcui.work/backend_default/U0/M0/IF.Original/fpga_reports/vivado/dcp_KO_in_opt_design.dcp' has been generated.

[SW_FPGA] - ERROR : ***************************************************
[SW_FPGA] - ERROR : ********* ERROR in opt_design phase  ************
[SW_FPGA] - ERROR : ***************************************************
[SW_FPGA] - ERROR : Vivado compilation flow stopped at opt_design phase





Copyright 1986-2019 Xilinx, Inc. All Rights Reserved.
----------------------------------------------------------------------------------------------------------------
| Tool Version : Vivado v.2019.1_EP06_159265 (lin64) Build 0 Fri Oct 11 16:37:07 PDT 2019
| Date         : Sat Apr 20 13:16:50 2024
| Host         : csce-quinn-s1.engr.tamu.edu running 64-bit Red Hat Enterprise Linux Server release 7.9 (Maipo)
| Command      : report_utilization
| Design       : ztop
| Device       : 7v2000tflg1925-1
| Design State : Synthesized
----------------------------------------------------------------------------------------------------------------

Utilization Design Information

Table of Contents
-----------------
1. Slice Logic
1.1 Summary of Registers by Type
2. Memory
3. DSP
4. IO and GT Specific
5. Clocking
6. Specific Feature
7. Primitives
8. Black Boxes
9. Instantiated Netlists
10. SLR Connectivity and Clocking Utilization
11. SLR Connectivity Matrix
12. SLR Slice Logic and Dedicated Block Utilization
13. SLR IO Utilization

1. Slice Logic
--------------

+----------------------------+------+-------+-----------+-------+
|          Site Type         | Used | Fixed | Available | Util% |
+----------------------------+------+-------+-----------+-------+
| Slice LUTs*                | 8771 |     0 |   1221600 |  0.72 |
|   LUT as Logic             | 8459 |     0 |   1221600 |  0.69 |
|   LUT as Memory            |  312 |     0 |    344800 |  0.09 |
|     LUT as Distributed RAM |  288 |     0 |           |       |
|     LUT as Shift Register  |   24 |     0 |           |       |
| Slice Registers            | 7278 |     7 |   2443200 |  0.30 |
|   Register as Flip Flop    | 7276 |     6 |   2443200 |  0.30 |
|   Register as Latch        |    2 |     1 |   2443200 | <0.01 |
| F7 Muxes                   |  268 |     0 |    610800 |  0.04 |
| F8 Muxes                   |    1 |     0 |    305400 | <0.01 |
+----------------------------+------+-------+-----------+-------+
* Warning! The Final LUT count, after physical optimizations and full implementation, is typically lower. Run opt_design after synthesis, if not already completed, for a more realistic count.


1.1 Summary of Registers by Type
--------------------------------

+-------+--------------+-------------+--------------+
| Total | Clock Enable | Synchronous | Asynchronous |
+-------+--------------+-------------+--------------+
| 20    |            _ |           - |            - |
| 0     |            _ |           - |          Set |
| 0     |            _ |           - |        Reset |
| 0     |            _ |         Set |            - |
| 0     |            _ |       Reset |            - |
| 0     |          Yes |           - |            - |
| 129   |          Yes |           - |          Set |
| 745   |          Yes |           - |        Reset |
| 129   |          Yes |         Set |            - |
| 6255  |          Yes |       Reset |            - |
+-------+--------------+-------------+--------------+


2. Memory
---------

+-------------------+------+-------+-----------+-------+
|     Site Type     | Used | Fixed | Available | Util% |
+-------------------+------+-------+-----------+-------+
| Block RAM Tile    |    2 |     0 |      1292 |  0.15 |
|   RAMB36/FIFO*    |    2 |     0 |      1292 |  0.15 |
|     RAMB36E1 only |    2 |       |           |       |
|   RAMB18          |    0 |     0 |      2584 |  0.00 |
+-------------------+------+-------+-----------+-------+
* Note: Each Block RAM Tile only has one FIFO logic available and therefore can accommodate only one FIFO36E1 or one FIFO18E1. However, if a FIFO18E1 occupies a Block RAM Tile, that tile can still accommodate a RAMB18E1


3. DSP
------

+-----------+------+-------+-----------+-------+
| Site Type | Used | Fixed | Available | Util% |
+-----------+------+-------+-----------+-------+
| DSPs      |    0 |     0 |      2160 |  0.00 |
+-----------+------+-------+-----------+-------+


4. IO and GT Specific
---------------------

+-----------------------------+------+-------+-----------+-------+
|          Site Type          | Used | Fixed | Available | Util% |
+-----------------------------+------+-------+-----------+-------+
| Bonded IOB                  |   63 |    63 |      1200 |  5.25 |
|   IOB Master Pads           |   31 |       |           |       |
|   IOB Slave Pads            |   32 |       |           |       |
| Bonded IPADs                |    0 |     0 |        50 |  0.00 |
| Bonded OPADs                |    0 |     0 |        32 |  0.00 |
| PHY_CONTROL                 |    0 |     0 |        24 |  0.00 |
| PHASER_REF                  |    0 |     0 |        24 |  0.00 |
| OUT_FIFO                    |    0 |     0 |        96 |  0.00 |
| IN_FIFO                     |    0 |     0 |        96 |  0.00 |
| IDELAYCTRL                  |    1 |     0 |        24 |  4.17 |
| IBUFDS                      |   16 |    16 |      1152 |  1.39 |
| GTXE2_COMMON                |    0 |     0 |         4 |  0.00 |
| GTXE2_CHANNEL               |    0 |     0 |        16 |  0.00 |
| PHASER_OUT/PHASER_OUT_PHY   |    0 |     0 |        96 |  0.00 |
| PHASER_IN/PHASER_IN_PHY     |    0 |     0 |        96 |  0.00 |
| IDELAYE2/IDELAYE2_FINEDELAY |    9 |     9 |      1200 |  0.75 |
|   IDELAYE2 only             |    9 |     9 |           |       |
| ODELAYE2/ODELAYE2_FINEDELAY |    6 |     6 |      1200 |  0.50 |
|   ODELAYE2 only             |    6 |     6 |           |       |
| IBUFDS_GTE2                 |    0 |     0 |         8 |  0.00 |
| ILOGIC                      |    7 |     7 |      1200 |  0.58 |
|   ISERDES                   |    7 |     7 |           |       |
| OLOGIC                      |    8 |     8 |      1200 |  0.67 |
|   OUTFF_ODDR_Register       |    1 |     1 |           |       |
|   OSERDES                   |    7 |     7 |           |       |
+-----------------------------+------+-------+-----------+-------+


5. Clocking
-----------

+--------------+------+-------+-----------+-------+
|   Site Type  | Used | Fixed | Available | Util% |
+--------------+------+-------+-----------+-------+
| BUFGCTRL     |   16 |     2 |       128 | 12.50 |
| BUFIO        |    1 |     1 |        96 |  1.04 |
|   BUFIO only |    1 |     1 |           |       |
| MMCME2_ADV   |    4 |     2 |        24 | 16.67 |
| PLLE2_ADV    |    0 |     0 |        24 |  0.00 |
| BUFMRCE      |    0 |     0 |        48 |  0.00 |
| BUFHCE       |    0 |     0 |       288 |  0.00 |
| BUFR         |    1 |     0 |        96 |  1.04 |
+--------------+------+-------+-----------+-------+


6. Specific Feature
-------------------

+-------------+------+-------+-----------+--------+
|  Site Type  | Used | Fixed | Available |  Util% |
+-------------+------+-------+-----------+--------+
| BSCANE2     |    0 |     0 |        16 |   0.00 |
| CAPTUREE2   |    1 |     0 |         4 |  25.00 |
| DNA_PORT    |    0 |     0 |         1 |   0.00 |
| EFUSE_USR   |    0 |     0 |         1 |   0.00 |
| FRAME_ECCE2 |    0 |     0 |         4 |   0.00 |
| ICAPE2      |    0 |     0 |         8 |   0.00 |
| PCIE_2_1    |    0 |     0 |         4 |   0.00 |
| STARTUPE2   |    1 |     0 |         4 |  25.00 |
| XADC        |    1 |     0 |         1 | 100.00 |
+-------------+------+-------+-----------+--------+


7. Primitives
-------------

+------------+------+---------------------+
|  Ref Name  | Used | Functional Category |
+------------+------+---------------------+
| FDRE       | 6275 |        Flop & Latch |
| LUT6       | 2680 |                 LUT |
| LUT1       | 1739 |                 LUT |
| LUT4       | 1572 |                 LUT |
| LUT5       | 1004 |                 LUT |
| LUT2       |  897 |                 LUT |
| FDCE       |  743 |        Flop & Latch |
| CARRY4     |  678 |          CarryLogic |
| LUT3       |  615 |                 LUT |
| MUXF7      |  268 |               MuxFx |
| RAMD64E    |  192 |  Distributed Memory |
| FDSE       |  129 |        Flop & Latch |
| FDPE       |  129 |        Flop & Latch |
| RAMD32     |   96 |  Distributed Memory |
| SRLC32E    |   24 |  Distributed Memory |
| IBUFDS     |   16 |                  IO |
| OBUFDS     |   15 |                  IO |
| BUFGCTRL   |   11 |               Clock |
| IDELAYE2   |    9 |                  IO |
| OSERDESE2  |    7 |                  IO |
| ISERDESE2  |    7 |                  IO |
| ODELAYE2   |    6 |                  IO |
| BUFG       |    5 |               Clock |
| MMCME2_ADV |    4 |               Clock |
| RAMB36E1   |    2 |        Block Memory |
| LDCE       |    2 |        Flop & Latch |
| XADC       |    1 |              Others |
| STARTUPE2  |    1 |              Others |
| ODDR       |    1 |                  IO |
| OBUF       |    1 |                  IO |
| MUXF8      |    1 |               MuxFx |
| IDELAYCTRL |    1 |                  IO |
| CAPTUREE2  |    1 |              Others |
| BUFR       |    1 |               Clock |
| BUFIO      |    1 |               Clock |
+------------+------+---------------------+


8. Black Boxes
--------------

+----------+------+
| Ref Name | Used |
+----------+------+


9. Instantiated Netlists
------------------------

+----------+------+
| Ref Name | Used |
+----------+------+


10. SLR Connectivity and Clocking Utilization
---------------------------------------------

+----------+-----------------+---------+-----------------+--------------+-------+-------+
|          | Total SLLs Used | (%)SLLs | BUFGs/BUFGCTRLs | BUFH/BUFHCEs | BUFRs | MMCMs |
+----------+-----------------+---------+-----------------+--------------+-------+-------+
| SLR3     |                 |         |               0 |            0 |     0 |     0 |
| ||||||-> |               0 |    0.00 |                 |              |       |       |
| SLR2     |                 |         |               1 |            0 |     0 |     0 |
| ||||||-> |               0 |    0.00 |                 |              |       |       |
| SLR1     |                 |         |               1 |            0 |     0 |     2 |
| ||||||-> |               0 |    0.00 |                 |              |       |       |
| SLR0     |                 |         |               0 |            0 |     0 |     0 |
+----------+-----------------+---------+-----------------+--------------+-------+-------+


11. SLR Connectivity Matrix
---------------------------

+-----------+------+------+------+------+
| FROM \ TO | SLR3 | SLR2 | SLR1 | SLR0 |
+-----------+------+------+------+------+
| SLR3      |    0 |    0 |    0 |    0 |
| SLR2      |    0 |    0 |    0 |    0 |
| SLR1      |    0 |    0 |    0 |    0 |
| SLR0      |    0 |    0 |    0 |    0 |
+-----------+------+------+------+------+


12. SLR Slice Logic and Dedicated Block Utilization
---------------------------------------------------

+-----------+--------+-----------+------------+-------------+---------------+-----------+-------+------+
| SLR Index | Slices | (%)Slices | Total LUTs | Memory LUTs | (%)Total LUTs | Registers | BRAMs | DSPs |
+-----------+--------+-----------+------------+-------------+---------------+-----------+-------+------+
| SLR3      |      0 |      0.00 |          0 |           0 |          0.00 |         0 |     0 |    0 |
| SLR2      |      0 |      0.00 |          0 |           0 |          0.00 |         1 |     0 |    0 |
| SLR1      |      0 |      0.00 |          0 |           0 |          0.00 |         5 |     0 |    0 |
| SLR0      |      0 |      0.00 |          0 |           0 |          0.00 |         0 |     0 |    0 |
+-----------+--------+-----------+------------+-------------+---------------+-----------+-------+------+
| Total     |      0 |           |          0 |           0 |               |         6 |     0 |    0 |
+-----------+--------+-----------+------------+-------------+---------------+-----------+-------+------+


13. SLR IO Utilization
----------------------

+-----------+-----------+---------+------------+----------+------------+----------+-----+
| SLR Index | Used IOBs | (%)IOBs | Used IPADs | (%)IPADs | Used OPADs | (%)OPADs | GTs |
+-----------+-----------+---------+------------+----------+------------+----------+-----+
| SLR3      |         0 |    0.00 |          0 |     0.00 |          0 |     0.00 |   0 |
| SLR2      |         6 |    2.00 |          0 |     0.00 |          0 |     0.00 |   0 |
| SLR1      |        24 |    8.00 |          0 |     0.00 |          0 |     0.00 |   0 |
| SLR0      |        33 |   11.00 |          0 |     0.00 |          0 |     0.00 |   0 |
+-----------+-----------+---------+------------+----------+------------+----------+-----+
| Total     |        63 |         |          0 |          |          0 |          |   0 |
+-----------+-----------+---------+------------+----------+------------+----------+-----+



/home/grads/h/hbritton/csce689LabsBritton/lab-4-habrit/zebu/zcui.work/backend_default/U0/M0/IF.Original
INFO: [Common 17-206] Exiting Vivado at Sat Apr 20 13:16:50 2024...
